
==================================================
Starting Trial 0
Parameters: batch_size=16, lr=0.000883, epochs=12, weight_decay=0.000002
==================================================

Fold 1/5
  Epoch 01/12 | Train Loss: 1.5420, Acc: 0.3278 | Val Loss: 1.4196, Acc: 0.4006
  Epoch 02/12 | Train Loss: 1.3685, Acc: 0.4281 | Val Loss: 1.3395, Acc: 0.4416
  Epoch 03/12 | Train Loss: 1.2979, Acc: 0.4672 | Val Loss: 1.2421, Acc: 0.4874
  Epoch 04/12 | Train Loss: 1.2188, Acc: 0.5063 | Val Loss: 1.2988, Acc: 0.4716
  Epoch 05/12 | Train Loss: 1.1456, Acc: 0.5352 | Val Loss: 1.3331, Acc: 0.4385
  Epoch 06/12 | Train Loss: 1.1328, Acc: 0.5427 | Val Loss: 1.1798, Acc: 0.5315
  Epoch 07/12 | Train Loss: 1.0581, Acc: 0.5715 | Val Loss: 1.1575, Acc: 0.5268
  Epoch 08/12 | Train Loss: 1.0263, Acc: 0.5920 | Val Loss: 1.1391, Acc: 0.5205
  Epoch 09/12 | Train Loss: 0.9678, Acc: 0.6236 | Val Loss: 1.1409, Acc: 0.5394
  Epoch 10/12 | Train Loss: 0.9392, Acc: 0.6434 | Val Loss: 1.2105, Acc: 0.5032
  Epoch 11/12 | Train Loss: 0.8851, Acc: 0.6607 | Val Loss: 1.2870, Acc: 0.4558
  Epoch 12/12 | Train Loss: 0.8545, Acc: 0.6572 | Val Loss: 1.2182, Acc: 0.5110
  Fold 1 best validation accuracy: 0.5394

Fold 2/5
  Epoch 01/12 | Train Loss: 1.5799, Acc: 0.3261 | Val Loss: 1.4538, Acc: 0.3476
  Epoch 02/12 | Train Loss: 1.4000, Acc: 0.4181 | Val Loss: 1.4136, Acc: 0.3949
  Epoch 03/12 | Train Loss: 1.3022, Acc: 0.4662 | Val Loss: 1.3078, Acc: 0.4423
  Epoch 04/12 | Train Loss: 1.2087, Acc: 0.5081 | Val Loss: 1.3588, Acc: 0.4660
  Epoch 05/12 | Train Loss: 1.1711, Acc: 0.5255 | Val Loss: 1.2693, Acc: 0.4850
  Epoch 06/12 | Train Loss: 1.0958, Acc: 0.5555 | Val Loss: 1.2087, Acc: 0.4929
  Epoch 07/12 | Train Loss: 1.0441, Acc: 0.5799 | Val Loss: 1.2220, Acc: 0.4803
  Epoch 08/12 | Train Loss: 0.9976, Acc: 0.6159 | Val Loss: 1.1794, Acc: 0.5245
  Epoch 09/12 | Train Loss: 0.9456, Acc: 0.6285 | Val Loss: 1.1980, Acc: 0.4961
  Epoch 10/12 | Train Loss: 0.8867, Acc: 0.6593 | Val Loss: 1.3143, Acc: 0.4676
  Epoch 11/12 | Train Loss: 0.8745, Acc: 0.6636 | Val Loss: 1.1492, Acc: 0.5166
  Epoch 12/12 | Train Loss: 0.8228, Acc: 0.6794 | Val Loss: 1.2137, Acc: 0.5071
  Fold 2 best validation accuracy: 0.5245

Fold 3/5
  Epoch 01/12 | Train Loss: 1.5998, Acc: 0.2992 | Val Loss: 1.4647, Acc: 0.3270
  Epoch 02/12 | Train Loss: 1.3828, Acc: 0.3991 | Val Loss: 1.3619, Acc: 0.4487
  Epoch 03/12 | Train Loss: 1.2994, Acc: 0.4599 | Val Loss: 1.3324, Acc: 0.4676
  Epoch 04/12 | Train Loss: 1.2514, Acc: 0.4966 | Val Loss: 1.3404, Acc: 0.4376
  Epoch 05/12 | Train Loss: 1.2105, Acc: 0.5144 | Val Loss: 1.2795, Acc: 0.4613
  Epoch 06/12 | Train Loss: 1.1231, Acc: 0.5555 | Val Loss: 1.2400, Acc: 0.4976
  Epoch 07/12 | Train Loss: 1.0966, Acc: 0.5539 | Val Loss: 1.1906, Acc: 0.5118
  Epoch 08/12 | Train Loss: 1.0332, Acc: 0.5902 | Val Loss: 1.2032, Acc: 0.4882
  Epoch 09/12 | Train Loss: 0.9856, Acc: 0.6092 | Val Loss: 1.1772, Acc: 0.5071
  Epoch 10/12 | Train Loss: 0.9405, Acc: 0.6392 | Val Loss: 1.2141, Acc: 0.4976
  Epoch 11/12 | Train Loss: 0.8988, Acc: 0.6502 | Val Loss: 1.2708, Acc: 0.4866
  Epoch 12/12 | Train Loss: 0.8558, Acc: 0.6688 | Val Loss: 1.1820, Acc: 0.5166
  Fold 3 best validation accuracy: 0.5166

Fold 4/5
  Epoch 01/12 | Train Loss: 1.5390, Acc: 0.3336 | Val Loss: 1.3814, Acc: 0.3949
  Epoch 02/12 | Train Loss: 1.3470, Acc: 0.4157 | Val Loss: 1.3293, Acc: 0.4344
  Epoch 03/12 | Train Loss: 1.2689, Acc: 0.4777 | Val Loss: 1.3180, Acc: 0.4234
  Epoch 04/12 | Train Loss: 1.2079, Acc: 0.4998 | Val Loss: 1.2658, Acc: 0.4724
  Epoch 05/12 | Train Loss: 1.1375, Acc: 0.5345 | Val Loss: 1.2058, Acc: 0.5024
  Epoch 06/12 | Train Loss: 1.0906, Acc: 0.5535 | Val Loss: 1.1906, Acc: 0.5055
  Epoch 07/12 | Train Loss: 1.0271, Acc: 0.5942 | Val Loss: 1.2556, Acc: 0.4724
  Epoch 08/12 | Train Loss: 0.9983, Acc: 0.6021 | Val Loss: 1.1565, Acc: 0.5039
  Epoch 09/12 | Train Loss: 0.9639, Acc: 0.6182 | Val Loss: 1.1407, Acc: 0.5245
  Epoch 10/12 | Train Loss: 0.8904, Acc: 0.6601 | Val Loss: 1.1517, Acc: 0.5245
  Epoch 11/12 | Train Loss: 0.8679, Acc: 0.6640 | Val Loss: 1.2514, Acc: 0.4897
  Epoch 12/12 | Train Loss: 0.8324, Acc: 0.6731 | Val Loss: 1.2294, Acc: 0.4897
  Fold 4 best validation accuracy: 0.5245

Fold 5/5
  Epoch 01/12 | Train Loss: 1.5746, Acc: 0.3154 | Val Loss: 1.3841, Acc: 0.4392
  Epoch 02/12 | Train Loss: 1.3772, Acc: 0.4216 | Val Loss: 1.2600, Acc: 0.4992
  Epoch 03/12 | Train Loss: 1.3004, Acc: 0.4698 | Val Loss: 1.2985, Acc: 0.4597
  Epoch 04/12 | Train Loss: 1.2331, Acc: 0.5065 | Val Loss: 1.2076, Acc: 0.5055
  Epoch 05/12 | Train Loss: 1.1850, Acc: 0.5247 | Val Loss: 1.2497, Acc: 0.4629
  Epoch 06/12 | Train Loss: 1.1540, Acc: 0.5326 | Val Loss: 1.1368, Acc: 0.5529
  Epoch 07/12 | Train Loss: 1.0873, Acc: 0.5638 | Val Loss: 1.1737, Acc: 0.5134
  Epoch 08/12 | Train Loss: 1.0704, Acc: 0.5630 | Val Loss: 1.1887, Acc: 0.5118
  Epoch 09/12 | Train Loss: 1.0160, Acc: 0.5969 | Val Loss: 1.1561, Acc: 0.5308
  Epoch 10/12 | Train Loss: 0.9450, Acc: 0.6293 | Val Loss: 1.1493, Acc: 0.5197
  Epoch 11/12 | Train Loss: 0.9345, Acc: 0.6340 | Val Loss: 1.2308, Acc: 0.5134
  Epoch 12/12 | Train Loss: 0.9303, Acc: 0.6313 | Val Loss: 1.1340, Acc: 0.5324
  Fold 5 best validation accuracy: 0.5529

Trial 0 completed with mean validation accuracy: 0.5316

==================================================
Starting Trial 1
Parameters: batch_size=32, lr=0.016239, epochs=15, weight_decay=0.000350
==================================================

Fold 1/5
  Epoch 01/15 | Train Loss: 1.8675, Acc: 0.2354 | Val Loss: 1.5770, Acc: 0.2303
  Epoch 02/15 | Train Loss: 1.5480, Acc: 0.3171 | Val Loss: 1.4387, Acc: 0.3707
  Epoch 03/15 | Train Loss: 1.4950, Acc: 0.3653 | Val Loss: 1.3693, Acc: 0.4227
  Epoch 04/15 | Train Loss: 1.4309, Acc: 0.3768 | Val Loss: 1.4316, Acc: 0.3959
  Epoch 05/15 | Train Loss: 1.3680, Acc: 0.3985 | Val Loss: 1.3078, Acc: 0.4369
  Epoch 06/15 | Train Loss: 1.3387, Acc: 0.4293 | Val Loss: 1.3037, Acc: 0.4385
  Epoch 07/15 | Train Loss: 1.2872, Acc: 0.4467 | Val Loss: 1.6915, Acc: 0.3470
  Epoch 08/15 | Train Loss: 1.3291, Acc: 0.4506 | Val Loss: 1.4251, Acc: 0.3596
  Epoch 09/15 | Train Loss: 1.2993, Acc: 0.4609 | Val Loss: 1.2350, Acc: 0.4700
  Epoch 10/15 | Train Loss: 1.2069, Acc: 0.4858 | Val Loss: 1.2158, Acc: 0.4716
  Epoch 11/15 | Train Loss: 1.2030, Acc: 0.4988 | Val Loss: 1.2492, Acc: 0.4464
  Epoch 12/15 | Train Loss: 1.1839, Acc: 0.4870 | Val Loss: 1.1685, Acc: 0.4700
  Epoch 13/15 | Train Loss: 1.1832, Acc: 0.5067 | Val Loss: 1.3444, Acc: 0.4479
  Epoch 14/15 | Train Loss: 1.2529, Acc: 0.4672 | Val Loss: 1.2125, Acc: 0.4826
  Epoch 15/15 | Train Loss: 1.1315, Acc: 0.5261 | Val Loss: 1.4312, Acc: 0.4416
  Fold 1 best validation accuracy: 0.4826

Fold 2/5
  Epoch 01/15 | Train Loss: 1.8046, Acc: 0.2503 | Val Loss: 1.5479, Acc: 0.2812
  Epoch 02/15 | Train Loss: 1.5118, Acc: 0.3427 | Val Loss: 1.4499, Acc: 0.3697
  Epoch 03/15 | Train Loss: 1.4247, Acc: 0.3837 | Val Loss: 1.4037, Acc: 0.3855
  Epoch 04/15 | Train Loss: 1.3591, Acc: 0.4106 | Val Loss: 1.3700, Acc: 0.4044
  Epoch 05/15 | Train Loss: 1.3377, Acc: 0.4366 | Val Loss: 1.5336, Acc: 0.3712
  Epoch 06/15 | Train Loss: 1.2613, Acc: 0.4603 | Val Loss: 1.4178, Acc: 0.3760
  Epoch 07/15 | Train Loss: 1.2648, Acc: 0.4635 | Val Loss: 1.4936, Acc: 0.4218
  Epoch 08/15 | Train Loss: 1.2674, Acc: 0.4520 | Val Loss: 1.3916, Acc: 0.3918
  Epoch 09/15 | Train Loss: 1.2341, Acc: 0.4797 | Val Loss: 1.2567, Acc: 0.4708
  Epoch 10/15 | Train Loss: 1.1712, Acc: 0.5057 | Val Loss: 1.3699, Acc: 0.4171
  Epoch 11/15 | Train Loss: 1.1762, Acc: 0.4994 | Val Loss: 1.3170, Acc: 0.4344
  Epoch 12/15 | Train Loss: 1.1399, Acc: 0.5176 | Val Loss: 1.2718, Acc: 0.4502
  Epoch 13/15 | Train Loss: 1.1333, Acc: 0.5109 | Val Loss: 1.5227, Acc: 0.4107
  Epoch 14/15 | Train Loss: 1.1230, Acc: 0.5270 | Val Loss: 1.1962, Acc: 0.5055
  Epoch 15/15 | Train Loss: 1.0831, Acc: 0.5306 | Val Loss: 1.4312, Acc: 0.3886
  Fold 2 best validation accuracy: 0.5055

Fold 3/5
  Epoch 01/15 | Train Loss: 1.7576, Acc: 0.2538 | Val Loss: 1.5780, Acc: 0.3144
  Epoch 02/15 | Train Loss: 1.4985, Acc: 0.3502 | Val Loss: 1.4429, Acc: 0.3934
  Epoch 03/15 | Train Loss: 1.4318, Acc: 0.3754 | Val Loss: 1.5124, Acc: 0.4076
  Epoch 04/15 | Train Loss: 1.3904, Acc: 0.4197 | Val Loss: 1.3620, Acc: 0.4423
  Epoch 05/15 | Train Loss: 1.3515, Acc: 0.4248 | Val Loss: 1.4801, Acc: 0.3460
  Epoch 06/15 | Train Loss: 1.3105, Acc: 0.4477 | Val Loss: 1.3542, Acc: 0.4297
  Epoch 07/15 | Train Loss: 1.2631, Acc: 0.4572 | Val Loss: 1.2739, Acc: 0.4581
  Epoch 08/15 | Train Loss: 1.2203, Acc: 0.4714 | Val Loss: 1.2334, Acc: 0.4834
  Epoch 09/15 | Train Loss: 1.2493, Acc: 0.4659 | Val Loss: 1.4855, Acc: 0.3870
  Epoch 10/15 | Train Loss: 1.2238, Acc: 0.4876 | Val Loss: 1.2682, Acc: 0.4534
  Epoch 11/15 | Train Loss: 1.2228, Acc: 0.4753 | Val Loss: 1.3104, Acc: 0.4408
  Epoch 12/15 | Train Loss: 1.1558, Acc: 0.5113 | Val Loss: 1.2763, Acc: 0.4502
  Epoch 13/15 | Train Loss: 1.1753, Acc: 0.4951 | Val Loss: 1.2864, Acc: 0.4724
  Epoch 14/15 | Train Loss: 1.2010, Acc: 0.4907 | Val Loss: 1.2818, Acc: 0.4566
  Epoch 15/15 | Train Loss: 1.1563, Acc: 0.5113 | Val Loss: 1.2798, Acc: 0.4645
  Fold 3 best validation accuracy: 0.4834

Fold 4/5
  Epoch 01/15 | Train Loss: 1.7924, Acc: 0.2467 | Val Loss: 1.6728, Acc: 0.2370
  Epoch 02/15 | Train Loss: 1.5370, Acc: 0.3115 | Val Loss: 1.4963, Acc: 0.3460
  Epoch 03/15 | Train Loss: 1.4697, Acc: 0.3699 | Val Loss: 1.4360, Acc: 0.3444
  Epoch 04/15 | Train Loss: 1.4510, Acc: 0.3648 | Val Loss: 1.4267, Acc: 0.3697
  Epoch 05/15 | Train Loss: 1.4462, Acc: 0.3774 | Val Loss: 1.3562, Acc: 0.4171
  Epoch 06/15 | Train Loss: 1.3650, Acc: 0.4094 | Val Loss: 1.3432, Acc: 0.3981
  Epoch 07/15 | Train Loss: 1.3307, Acc: 0.4244 | Val Loss: 1.3425, Acc: 0.4139
  Epoch 08/15 | Train Loss: 1.2864, Acc: 0.4481 | Val Loss: 1.2768, Acc: 0.4376
  Epoch 09/15 | Train Loss: 1.2656, Acc: 0.4583 | Val Loss: 1.3589, Acc: 0.4297
  Epoch 10/15 | Train Loss: 1.2458, Acc: 0.4611 | Val Loss: 1.3418, Acc: 0.4234
  Epoch 11/15 | Train Loss: 1.2703, Acc: 0.4647 | Val Loss: 1.1892, Acc: 0.5103
  Epoch 12/15 | Train Loss: 1.1888, Acc: 0.4891 | Val Loss: 1.2050, Acc: 0.4629
  Epoch 13/15 | Train Loss: 1.1928, Acc: 0.4895 | Val Loss: 1.2960, Acc: 0.4392
  Epoch 14/15 | Train Loss: 1.1732, Acc: 0.5038 | Val Loss: 1.2735, Acc: 0.4550
  Epoch 15/15 | Train Loss: 1.1212, Acc: 0.5136 | Val Loss: 1.1700, Acc: 0.5071
  Fold 4 best validation accuracy: 0.5103

Fold 5/5
  Epoch 01/15 | Train Loss: 1.7536, Acc: 0.2527 | Val Loss: 1.6026, Acc: 0.2622
  Epoch 02/15 | Train Loss: 1.5450, Acc: 0.3233 | Val Loss: 1.4966, Acc: 0.3017
  Epoch 03/15 | Train Loss: 1.4661, Acc: 0.3774 | Val Loss: 1.3299, Acc: 0.4344
  Epoch 04/15 | Train Loss: 1.3907, Acc: 0.4015 | Val Loss: 1.3522, Acc: 0.3997
  Epoch 05/15 | Train Loss: 1.3698, Acc: 0.3976 | Val Loss: 1.3666, Acc: 0.3476
  Epoch 06/15 | Train Loss: 1.3369, Acc: 0.4149 | Val Loss: 1.3786, Acc: 0.3965
  Epoch 07/15 | Train Loss: 1.2991, Acc: 0.4398 | Val Loss: 1.2230, Acc: 0.4676
  Epoch 08/15 | Train Loss: 1.2556, Acc: 0.4714 | Val Loss: 1.2472, Acc: 0.4676
  Epoch 09/15 | Train Loss: 1.1983, Acc: 0.4915 | Val Loss: 1.2710, Acc: 0.4471
  Epoch 10/15 | Train Loss: 1.1960, Acc: 0.5077 | Val Loss: 1.2440, Acc: 0.4629
  Epoch 11/15 | Train Loss: 1.1377, Acc: 0.5251 | Val Loss: 1.2551, Acc: 0.4945
  Epoch 12/15 | Train Loss: 1.1406, Acc: 0.5290 | Val Loss: 1.2328, Acc: 0.4692
  Epoch 13/15 | Train Loss: 1.1301, Acc: 0.5310 | Val Loss: 1.2121, Acc: 0.4897
  Epoch 14/15 | Train Loss: 1.0914, Acc: 0.5417 | Val Loss: 1.2961, Acc: 0.4818
  Epoch 15/15 | Train Loss: 1.1447, Acc: 0.5243 | Val Loss: 1.1437, Acc: 0.5261
  Fold 5 best validation accuracy: 0.5261

Trial 1 completed with mean validation accuracy: 0.5016

==================================================
Starting Trial 2
Parameters: batch_size=8, lr=0.000010, epochs=20, weight_decay=0.000422
==================================================

Fold 1/5
  Epoch 01/20 | Train Loss: 2.4202, Acc: 0.1742 | Val Loss: 1.7510, Acc: 0.1893
  Epoch 02/20 | Train Loss: 1.7038, Acc: 0.1959 | Val Loss: 1.6446, Acc: 0.2445
  Epoch 03/20 | Train Loss: 1.6550, Acc: 0.2287 | Val Loss: 1.6265, Acc: 0.2539
  Epoch 04/20 | Train Loss: 1.6179, Acc: 0.2508 | Val Loss: 1.5922, Acc: 0.2729
  Epoch 05/20 | Train Loss: 1.5932, Acc: 0.2769 | Val Loss: 1.5832, Acc: 0.2823
  Epoch 06/20 | Train Loss: 1.5623, Acc: 0.2816 | Val Loss: 1.5516, Acc: 0.2981
  Epoch 07/20 | Train Loss: 1.5428, Acc: 0.2998 | Val Loss: 1.5365, Acc: 0.2934
  Epoch 08/20 | Train Loss: 1.5121, Acc: 0.3116 | Val Loss: 1.5262, Acc: 0.3076
  Epoch 09/20 | Train Loss: 1.5013, Acc: 0.3239 | Val Loss: 1.4981, Acc: 0.3423
  Epoch 10/20 | Train Loss: 1.4815, Acc: 0.3337 | Val Loss: 1.4953, Acc: 0.3454
  Epoch 11/20 | Train Loss: 1.4625, Acc: 0.3649 | Val Loss: 1.4896, Acc: 0.3533
  Epoch 12/20 | Train Loss: 1.4536, Acc: 0.3610 | Val Loss: 1.4763, Acc: 0.3517
  Epoch 13/20 | Train Loss: 1.4348, Acc: 0.3740 | Val Loss: 1.4582, Acc: 0.3675
  Epoch 14/20 | Train Loss: 1.4225, Acc: 0.3863 | Val Loss: 1.4524, Acc: 0.3486
  Epoch 15/20 | Train Loss: 1.4074, Acc: 0.3973 | Val Loss: 1.4493, Acc: 0.3628
  Epoch 16/20 | Train Loss: 1.4037, Acc: 0.3985 | Val Loss: 1.4378, Acc: 0.3580
  Epoch 17/20 | Train Loss: 1.3924, Acc: 0.3989 | Val Loss: 1.4336, Acc: 0.3644
  Epoch 18/20 | Train Loss: 1.3801, Acc: 0.4202 | Val Loss: 1.4332, Acc: 0.3754
  Epoch 19/20 | Train Loss: 1.3671, Acc: 0.4289 | Val Loss: 1.4161, Acc: 0.3785
  Epoch 20/20 | Train Loss: 1.3605, Acc: 0.4269 | Val Loss: 1.4159, Acc: 0.3833
  Fold 1 best validation accuracy: 0.3833

Fold 2/5
  Epoch 01/20 | Train Loss: 1.8380, Acc: 0.2479 | Val Loss: 1.6265, Acc: 0.2559
  Epoch 02/20 | Train Loss: 1.6256, Acc: 0.2523 | Val Loss: 1.5816, Acc: 0.2875
  Epoch 03/20 | Train Loss: 1.5847, Acc: 0.2756 | Val Loss: 1.5591, Acc: 0.3081
  Epoch 04/20 | Train Loss: 1.5488, Acc: 0.2953 | Val Loss: 1.5334, Acc: 0.3144
  Epoch 05/20 | Train Loss: 1.5156, Acc: 0.3186 | Val Loss: 1.5164, Acc: 0.3397
  Epoch 06/20 | Train Loss: 1.5015, Acc: 0.3261 | Val Loss: 1.5100, Acc: 0.3428
  Epoch 07/20 | Train Loss: 1.4741, Acc: 0.3458 | Val Loss: 1.5089, Acc: 0.3444
  Epoch 08/20 | Train Loss: 1.4648, Acc: 0.3541 | Val Loss: 1.4774, Acc: 0.3586
  Epoch 09/20 | Train Loss: 1.4503, Acc: 0.3557 | Val Loss: 1.4744, Acc: 0.3665
  Epoch 10/20 | Train Loss: 1.4306, Acc: 0.3711 | Val Loss: 1.4625, Acc: 0.3665
  Epoch 11/20 | Train Loss: 1.4099, Acc: 0.3920 | Val Loss: 1.4561, Acc: 0.3744
  Epoch 12/20 | Train Loss: 1.3982, Acc: 0.3944 | Val Loss: 1.4496, Acc: 0.3855
  Epoch 13/20 | Train Loss: 1.3927, Acc: 0.4031 | Val Loss: 1.4387, Acc: 0.3886
  Epoch 14/20 | Train Loss: 1.3873, Acc: 0.4027 | Val Loss: 1.4342, Acc: 0.3855
  Epoch 15/20 | Train Loss: 1.3715, Acc: 0.3995 | Val Loss: 1.4238, Acc: 0.3870
  Epoch 16/20 | Train Loss: 1.3597, Acc: 0.4165 | Val Loss: 1.4186, Acc: 0.3918
  Epoch 17/20 | Train Loss: 1.3480, Acc: 0.4280 | Val Loss: 1.4203, Acc: 0.3949
  Epoch 18/20 | Train Loss: 1.3344, Acc: 0.4307 | Val Loss: 1.4084, Acc: 0.4013
  Epoch 19/20 | Train Loss: 1.3363, Acc: 0.4390 | Val Loss: 1.4065, Acc: 0.3934
  Epoch 20/20 | Train Loss: 1.3138, Acc: 0.4536 | Val Loss: 1.3962, Acc: 0.3965
  Fold 2 best validation accuracy: 0.4013

Fold 3/5
  Epoch 01/20 | Train Loss: 2.1325, Acc: 0.1698 | Val Loss: 1.7203, Acc: 0.1643
  Epoch 02/20 | Train Loss: 1.6872, Acc: 0.2029 | Val Loss: 1.6632, Acc: 0.1896
  Epoch 03/20 | Train Loss: 1.6366, Acc: 0.2258 | Val Loss: 1.6399, Acc: 0.2275
  Epoch 04/20 | Train Loss: 1.5996, Acc: 0.2570 | Val Loss: 1.6140, Acc: 0.2275
  Epoch 05/20 | Train Loss: 1.5764, Acc: 0.2795 | Val Loss: 1.5987, Acc: 0.2923
  Epoch 06/20 | Train Loss: 1.5486, Acc: 0.3111 | Val Loss: 1.5765, Acc: 0.3017
  Epoch 07/20 | Train Loss: 1.5205, Acc: 0.3328 | Val Loss: 1.5698, Acc: 0.2970
  Epoch 08/20 | Train Loss: 1.5198, Acc: 0.3399 | Val Loss: 1.5510, Acc: 0.3081
  Epoch 09/20 | Train Loss: 1.4914, Acc: 0.3636 | Val Loss: 1.5451, Acc: 0.3191
  Epoch 10/20 | Train Loss: 1.4790, Acc: 0.3679 | Val Loss: 1.5336, Acc: 0.3144
  Epoch 11/20 | Train Loss: 1.4631, Acc: 0.3778 | Val Loss: 1.5233, Acc: 0.3049
  Epoch 12/20 | Train Loss: 1.4526, Acc: 0.3849 | Val Loss: 1.5127, Acc: 0.3160
  Epoch 13/20 | Train Loss: 1.4338, Acc: 0.4015 | Val Loss: 1.5092, Acc: 0.3270
  Epoch 14/20 | Train Loss: 1.4191, Acc: 0.4007 | Val Loss: 1.5025, Acc: 0.3444
  Epoch 15/20 | Train Loss: 1.4048, Acc: 0.4153 | Val Loss: 1.4909, Acc: 0.3476
  Epoch 16/20 | Train Loss: 1.3997, Acc: 0.4141 | Val Loss: 1.4835, Acc: 0.3444
  Epoch 17/20 | Train Loss: 1.3887, Acc: 0.4276 | Val Loss: 1.4795, Acc: 0.3491
  Epoch 18/20 | Train Loss: 1.3813, Acc: 0.4287 | Val Loss: 1.4686, Acc: 0.3555
  Epoch 19/20 | Train Loss: 1.3646, Acc: 0.4374 | Val Loss: 1.4697, Acc: 0.3428
  Epoch 20/20 | Train Loss: 1.3570, Acc: 0.4457 | Val Loss: 1.4576, Acc: 0.3681
  Fold 3 best validation accuracy: 0.3681

Fold 4/5
  Epoch 01/20 | Train Loss: 2.4639, Acc: 0.2073 | Val Loss: 1.7386, Acc: 0.2370
  Epoch 02/20 | Train Loss: 1.7090, Acc: 0.2175 | Val Loss: 1.6583, Acc: 0.2496
  Epoch 03/20 | Train Loss: 1.6764, Acc: 0.2238 | Val Loss: 1.6400, Acc: 0.2401
  Epoch 04/20 | Train Loss: 1.6468, Acc: 0.2396 | Val Loss: 1.6182, Acc: 0.2543
  Epoch 05/20 | Train Loss: 1.6092, Acc: 0.2475 | Val Loss: 1.5891, Acc: 0.2765
  Epoch 06/20 | Train Loss: 1.5862, Acc: 0.2740 | Val Loss: 1.5745, Acc: 0.2812
  Epoch 07/20 | Train Loss: 1.5664, Acc: 0.2898 | Val Loss: 1.5663, Acc: 0.2875
  Epoch 08/20 | Train Loss: 1.5446, Acc: 0.2898 | Val Loss: 1.5526, Acc: 0.2938
  Epoch 09/20 | Train Loss: 1.5269, Acc: 0.3186 | Val Loss: 1.5439, Acc: 0.2859
  Epoch 10/20 | Train Loss: 1.5168, Acc: 0.3214 | Val Loss: 1.5248, Acc: 0.3160
  Epoch 11/20 | Train Loss: 1.4953, Acc: 0.3490 | Val Loss: 1.5195, Acc: 0.3144
  Epoch 12/20 | Train Loss: 1.4885, Acc: 0.3498 | Val Loss: 1.5097, Acc: 0.3302
  Epoch 13/20 | Train Loss: 1.4694, Acc: 0.3644 | Val Loss: 1.5093, Acc: 0.3302
  Epoch 14/20 | Train Loss: 1.4578, Acc: 0.3743 | Val Loss: 1.4962, Acc: 0.3412
  Epoch 15/20 | Train Loss: 1.4472, Acc: 0.3810 | Val Loss: 1.4918, Acc: 0.3397
  Epoch 16/20 | Train Loss: 1.4336, Acc: 0.3928 | Val Loss: 1.4797, Acc: 0.3570
  Epoch 17/20 | Train Loss: 1.4270, Acc: 0.3877 | Val Loss: 1.4766, Acc: 0.3633
  Epoch 18/20 | Train Loss: 1.4116, Acc: 0.4054 | Val Loss: 1.4768, Acc: 0.3570
  Epoch 19/20 | Train Loss: 1.4007, Acc: 0.4110 | Val Loss: 1.4634, Acc: 0.3697
  Epoch 20/20 | Train Loss: 1.3949, Acc: 0.4110 | Val Loss: 1.4546, Acc: 0.3791
  Fold 4 best validation accuracy: 0.3791

Fold 5/5
  Epoch 01/20 | Train Loss: 1.9358, Acc: 0.1804 | Val Loss: 1.7212, Acc: 0.1643
  Epoch 02/20 | Train Loss: 1.6827, Acc: 0.2167 | Val Loss: 1.6928, Acc: 0.2101
  Epoch 03/20 | Train Loss: 1.6485, Acc: 0.2388 | Val Loss: 1.6626, Acc: 0.2338
  Epoch 04/20 | Train Loss: 1.6116, Acc: 0.2649 | Val Loss: 1.6224, Acc: 0.2543
  Epoch 05/20 | Train Loss: 1.5762, Acc: 0.2992 | Val Loss: 1.5888, Acc: 0.3049
  Epoch 06/20 | Train Loss: 1.5531, Acc: 0.3214 | Val Loss: 1.5818, Acc: 0.3239
  Epoch 07/20 | Train Loss: 1.5297, Acc: 0.3411 | Val Loss: 1.5402, Acc: 0.3365
  Epoch 08/20 | Train Loss: 1.5176, Acc: 0.3490 | Val Loss: 1.5277, Acc: 0.3460
  Epoch 09/20 | Train Loss: 1.4969, Acc: 0.3620 | Val Loss: 1.5166, Acc: 0.3539
  Epoch 10/20 | Train Loss: 1.4785, Acc: 0.3904 | Val Loss: 1.4979, Acc: 0.3586
  Epoch 11/20 | Train Loss: 1.4645, Acc: 0.3901 | Val Loss: 1.4903, Acc: 0.3523
  Epoch 12/20 | Train Loss: 1.4527, Acc: 0.4074 | Val Loss: 1.4783, Acc: 0.3665
  Epoch 13/20 | Train Loss: 1.4395, Acc: 0.4043 | Val Loss: 1.4688, Acc: 0.3649
  Epoch 14/20 | Train Loss: 1.4364, Acc: 0.4098 | Val Loss: 1.4578, Acc: 0.3744
  Epoch 15/20 | Train Loss: 1.4214, Acc: 0.4268 | Val Loss: 1.4463, Acc: 0.3981
  Epoch 16/20 | Train Loss: 1.4075, Acc: 0.4272 | Val Loss: 1.4445, Acc: 0.4060
  Epoch 17/20 | Train Loss: 1.3981, Acc: 0.4406 | Val Loss: 1.4282, Acc: 0.4028
  Epoch 18/20 | Train Loss: 1.3841, Acc: 0.4501 | Val Loss: 1.4247, Acc: 0.4028
  Epoch 19/20 | Train Loss: 1.3778, Acc: 0.4461 | Val Loss: 1.4168, Acc: 0.4171
  Epoch 20/20 | Train Loss: 1.3681, Acc: 0.4524 | Val Loss: 1.4034, Acc: 0.4092
  Fold 5 best validation accuracy: 0.4171

Trial 2 completed with mean validation accuracy: 0.3898

==================================================
Starting Trial 3
Parameters: batch_size=16, lr=0.000062, epochs=26, weight_decay=0.000005
==================================================

Fold 1/5
  Epoch 01/26 | Train Loss: 1.7793, Acc: 0.2358 | Val Loss: 1.5770, Acc: 0.2729
  Epoch 02/26 | Train Loss: 1.5263, Acc: 0.3310 | Val Loss: 1.4957, Acc: 0.3486
  Epoch 03/26 | Train Loss: 1.4531, Acc: 0.3712 | Val Loss: 1.4415, Acc: 0.3738
  Epoch 04/26 | Train Loss: 1.4012, Acc: 0.3918 | Val Loss: 1.4136, Acc: 0.3785
  Epoch 05/26 | Train Loss: 1.3579, Acc: 0.4258 | Val Loss: 1.3860, Acc: 0.4196
  Epoch 06/26 | Train Loss: 1.3209, Acc: 0.4309 | Val Loss: 1.3812, Acc: 0.4006
  Epoch 07/26 | Train Loss: 1.2866, Acc: 0.4648 | Val Loss: 1.3530, Acc: 0.4338
  Epoch 08/26 | Train Loss: 1.2634, Acc: 0.4720 | Val Loss: 1.3453, Acc: 0.4369
  Epoch 09/26 | Train Loss: 1.2381, Acc: 0.4972 | Val Loss: 1.3216, Acc: 0.4306
  Epoch 10/26 | Train Loss: 1.2191, Acc: 0.5083 | Val Loss: 1.3113, Acc: 0.4353
  Epoch 11/26 | Train Loss: 1.1973, Acc: 0.5182 | Val Loss: 1.3134, Acc: 0.4227
  Epoch 12/26 | Train Loss: 1.1785, Acc: 0.5328 | Val Loss: 1.2915, Acc: 0.4653
  Epoch 13/26 | Train Loss: 1.1496, Acc: 0.5565 | Val Loss: 1.2959, Acc: 0.4621
  Epoch 14/26 | Train Loss: 1.1327, Acc: 0.5675 | Val Loss: 1.2936, Acc: 0.4685
  Epoch 15/26 | Train Loss: 1.1185, Acc: 0.5731 | Val Loss: 1.3038, Acc: 0.4448
  Epoch 16/26 | Train Loss: 1.1112, Acc: 0.5806 | Val Loss: 1.2789, Acc: 0.4527
  Epoch 17/26 | Train Loss: 1.0846, Acc: 0.5897 | Val Loss: 1.2673, Acc: 0.4968
  Epoch 18/26 | Train Loss: 1.0772, Acc: 0.6003 | Val Loss: 1.2753, Acc: 0.4779
  Epoch 19/26 | Train Loss: 1.0641, Acc: 0.6062 | Val Loss: 1.2596, Acc: 0.4826
  Epoch 20/26 | Train Loss: 1.0448, Acc: 0.6137 | Val Loss: 1.2417, Acc: 0.4890
  Epoch 21/26 | Train Loss: 1.0323, Acc: 0.6197 | Val Loss: 1.2419, Acc: 0.5095
  Epoch 22/26 | Train Loss: 1.0226, Acc: 0.6216 | Val Loss: 1.2620, Acc: 0.4842
  Epoch 23/26 | Train Loss: 1.0105, Acc: 0.6343 | Val Loss: 1.2547, Acc: 0.4953
  Epoch 24/26 | Train Loss: 0.9919, Acc: 0.6445 | Val Loss: 1.2275, Acc: 0.5079
  Epoch 25/26 | Train Loss: 0.9755, Acc: 0.6536 | Val Loss: 1.2309, Acc: 0.5000
  Epoch 26/26 | Train Loss: 0.9736, Acc: 0.6560 | Val Loss: 1.2472, Acc: 0.4921
  Fold 1 best validation accuracy: 0.5095

Fold 2/5
  Epoch 01/26 | Train Loss: 1.7159, Acc: 0.2566 | Val Loss: 1.5723, Acc: 0.2923
  Epoch 02/26 | Train Loss: 1.5237, Acc: 0.3146 | Val Loss: 1.5244, Acc: 0.3191
  Epoch 03/26 | Train Loss: 1.4573, Acc: 0.3683 | Val Loss: 1.4795, Acc: 0.3602
  Epoch 04/26 | Train Loss: 1.4099, Acc: 0.3904 | Val Loss: 1.4527, Acc: 0.3791
  Epoch 05/26 | Train Loss: 1.3641, Acc: 0.4129 | Val Loss: 1.4450, Acc: 0.3744
  Epoch 06/26 | Train Loss: 1.3264, Acc: 0.4426 | Val Loss: 1.4217, Acc: 0.3981
  Epoch 07/26 | Train Loss: 1.2948, Acc: 0.4583 | Val Loss: 1.4086, Acc: 0.4028
  Epoch 08/26 | Train Loss: 1.2735, Acc: 0.4741 | Val Loss: 1.3954, Acc: 0.3965
  Epoch 09/26 | Train Loss: 1.2470, Acc: 0.5030 | Val Loss: 1.3834, Acc: 0.4344
  Epoch 10/26 | Train Loss: 1.2257, Acc: 0.5081 | Val Loss: 1.3820, Acc: 0.4281
  Epoch 11/26 | Train Loss: 1.1993, Acc: 0.5361 | Val Loss: 1.3728, Acc: 0.4202
  Epoch 12/26 | Train Loss: 1.1883, Acc: 0.5373 | Val Loss: 1.3522, Acc: 0.4518
  Epoch 13/26 | Train Loss: 1.1677, Acc: 0.5594 | Val Loss: 1.3674, Acc: 0.4408
  Epoch 14/26 | Train Loss: 1.1492, Acc: 0.5768 | Val Loss: 1.3380, Acc: 0.4518
  Epoch 15/26 | Train Loss: 1.1350, Acc: 0.5709 | Val Loss: 1.3411, Acc: 0.4439
  Epoch 16/26 | Train Loss: 1.1159, Acc: 0.5843 | Val Loss: 1.3264, Acc: 0.4613
  Epoch 17/26 | Train Loss: 1.1000, Acc: 0.5973 | Val Loss: 1.3334, Acc: 0.4581
  Epoch 18/26 | Train Loss: 1.0803, Acc: 0.6135 | Val Loss: 1.3296, Acc: 0.4550
  Epoch 19/26 | Train Loss: 1.0731, Acc: 0.6171 | Val Loss: 1.3389, Acc: 0.4645
  Epoch 20/26 | Train Loss: 1.0636, Acc: 0.6103 | Val Loss: 1.3209, Acc: 0.4645
  Epoch 21/26 | Train Loss: 1.0502, Acc: 0.6167 | Val Loss: 1.3315, Acc: 0.4376
  Epoch 22/26 | Train Loss: 1.0421, Acc: 0.6202 | Val Loss: 1.3415, Acc: 0.4566
  Epoch 23/26 | Train Loss: 1.0245, Acc: 0.6443 | Val Loss: 1.3274, Acc: 0.4518
  Epoch 24/26 | Train Loss: 1.0141, Acc: 0.6455 | Val Loss: 1.3021, Acc: 0.4882
  Epoch 25/26 | Train Loss: 0.9974, Acc: 0.6459 | Val Loss: 1.2946, Acc: 0.4613
  Epoch 26/26 | Train Loss: 0.9903, Acc: 0.6522 | Val Loss: 1.3077, Acc: 0.4755
  Fold 2 best validation accuracy: 0.4882

Fold 3/5
  Epoch 01/26 | Train Loss: 1.6310, Acc: 0.3056 | Val Loss: 1.5659, Acc: 0.3286
  Epoch 02/26 | Train Loss: 1.4830, Acc: 0.3624 | Val Loss: 1.5206, Acc: 0.3618
  Epoch 03/26 | Train Loss: 1.4211, Acc: 0.4031 | Val Loss: 1.4770, Acc: 0.3681
  Epoch 04/26 | Train Loss: 1.3761, Acc: 0.4256 | Val Loss: 1.4454, Acc: 0.4060
  Epoch 05/26 | Train Loss: 1.3361, Acc: 0.4583 | Val Loss: 1.4223, Acc: 0.4202
  Epoch 06/26 | Train Loss: 1.2990, Acc: 0.4702 | Val Loss: 1.4110, Acc: 0.4234
  Epoch 07/26 | Train Loss: 1.2658, Acc: 0.4951 | Val Loss: 1.3860, Acc: 0.4218
  Epoch 08/26 | Train Loss: 1.2541, Acc: 0.4887 | Val Loss: 1.3930, Acc: 0.4265
  Epoch 09/26 | Train Loss: 1.2229, Acc: 0.5180 | Val Loss: 1.3592, Acc: 0.4455
  Epoch 10/26 | Train Loss: 1.2049, Acc: 0.5251 | Val Loss: 1.3519, Acc: 0.4360
  Epoch 11/26 | Train Loss: 1.1870, Acc: 0.5239 | Val Loss: 1.3457, Acc: 0.4297
  Epoch 12/26 | Train Loss: 1.1682, Acc: 0.5448 | Val Loss: 1.3431, Acc: 0.4313
  Epoch 13/26 | Train Loss: 1.1489, Acc: 0.5606 | Val Loss: 1.3361, Acc: 0.4471
  Epoch 14/26 | Train Loss: 1.1337, Acc: 0.5555 | Val Loss: 1.3262, Acc: 0.4629
  Epoch 15/26 | Train Loss: 1.1133, Acc: 0.5772 | Val Loss: 1.3319, Acc: 0.4487
  Epoch 16/26 | Train Loss: 1.0979, Acc: 0.5886 | Val Loss: 1.3156, Acc: 0.4550
  Epoch 17/26 | Train Loss: 1.0906, Acc: 0.5867 | Val Loss: 1.3094, Acc: 0.4534
  Epoch 18/26 | Train Loss: 1.0785, Acc: 0.5942 | Val Loss: 1.3178, Acc: 0.4408
  Epoch 19/26 | Train Loss: 1.0663, Acc: 0.6048 | Val Loss: 1.2895, Acc: 0.4708
  Epoch 20/26 | Train Loss: 1.0475, Acc: 0.6092 | Val Loss: 1.2903, Acc: 0.4660
  Epoch 21/26 | Train Loss: 1.0452, Acc: 0.6167 | Val Loss: 1.2874, Acc: 0.4581
  Epoch 22/26 | Train Loss: 1.0288, Acc: 0.6206 | Val Loss: 1.2829, Acc: 0.4803
  Epoch 23/26 | Train Loss: 1.0291, Acc: 0.6253 | Val Loss: 1.2819, Acc: 0.4708
  Epoch 24/26 | Train Loss: 1.0022, Acc: 0.6368 | Val Loss: 1.2869, Acc: 0.4724
  Epoch 25/26 | Train Loss: 0.9975, Acc: 0.6400 | Val Loss: 1.2666, Acc: 0.4597
  Epoch 26/26 | Train Loss: 0.9853, Acc: 0.6423 | Val Loss: 1.2840, Acc: 0.4708
  Fold 3 best validation accuracy: 0.4803

Fold 4/5
  Epoch 01/26 | Train Loss: 1.7103, Acc: 0.2329 | Val Loss: 1.5734, Acc: 0.2780
  Epoch 02/26 | Train Loss: 1.5295, Acc: 0.3190 | Val Loss: 1.5160, Acc: 0.3302
  Epoch 03/26 | Train Loss: 1.4578, Acc: 0.3589 | Val Loss: 1.4846, Acc: 0.3333
  Epoch 04/26 | Train Loss: 1.4118, Acc: 0.3952 | Val Loss: 1.4273, Acc: 0.3712
  Epoch 05/26 | Train Loss: 1.3607, Acc: 0.4343 | Val Loss: 1.4317, Acc: 0.3602
  Epoch 06/26 | Train Loss: 1.3140, Acc: 0.4512 | Val Loss: 1.3843, Acc: 0.4060
  Epoch 07/26 | Train Loss: 1.2891, Acc: 0.4710 | Val Loss: 1.3746, Acc: 0.3981
  Epoch 08/26 | Train Loss: 1.2597, Acc: 0.5014 | Val Loss: 1.3484, Acc: 0.4392
  Epoch 09/26 | Train Loss: 1.2334, Acc: 0.5156 | Val Loss: 1.3403, Acc: 0.4265
  Epoch 10/26 | Train Loss: 1.2044, Acc: 0.5334 | Val Loss: 1.3407, Acc: 0.4202
  Epoch 11/26 | Train Loss: 1.1814, Acc: 0.5334 | Val Loss: 1.3356, Acc: 0.4376
  Epoch 12/26 | Train Loss: 1.1605, Acc: 0.5574 | Val Loss: 1.3238, Acc: 0.4518
  Epoch 13/26 | Train Loss: 1.1433, Acc: 0.5563 | Val Loss: 1.3096, Acc: 0.4487
  Epoch 14/26 | Train Loss: 1.1240, Acc: 0.5697 | Val Loss: 1.2967, Acc: 0.4487
  Epoch 15/26 | Train Loss: 1.1041, Acc: 0.5863 | Val Loss: 1.3001, Acc: 0.4502
  Epoch 16/26 | Train Loss: 1.0789, Acc: 0.5957 | Val Loss: 1.2953, Acc: 0.4518
  Epoch 17/26 | Train Loss: 1.0632, Acc: 0.6040 | Val Loss: 1.2664, Acc: 0.4803
  Epoch 18/26 | Train Loss: 1.0453, Acc: 0.6119 | Val Loss: 1.2623, Acc: 0.4787
  Epoch 19/26 | Train Loss: 1.0303, Acc: 0.6171 | Val Loss: 1.2832, Acc: 0.4676
  Epoch 20/26 | Train Loss: 1.0212, Acc: 0.6257 | Val Loss: 1.3116, Acc: 0.4613
  Epoch 21/26 | Train Loss: 1.0112, Acc: 0.6321 | Val Loss: 1.2965, Acc: 0.4439
  Epoch 22/26 | Train Loss: 0.9912, Acc: 0.6400 | Val Loss: 1.2792, Acc: 0.4629
  Epoch 23/26 | Train Loss: 0.9778, Acc: 0.6510 | Val Loss: 1.2488, Acc: 0.4818
  Epoch 24/26 | Train Loss: 0.9704, Acc: 0.6502 | Val Loss: 1.2454, Acc: 0.4961
  Epoch 25/26 | Train Loss: 0.9495, Acc: 0.6648 | Val Loss: 1.2590, Acc: 0.4613
  Epoch 26/26 | Train Loss: 0.9429, Acc: 0.6652 | Val Loss: 1.2463, Acc: 0.4787
  Fold 4 best validation accuracy: 0.4961

Fold 5/5
  Epoch 01/26 | Train Loss: 2.2411, Acc: 0.2148 | Val Loss: 1.6307, Acc: 0.2543
  Epoch 02/26 | Train Loss: 1.5741, Acc: 0.3044 | Val Loss: 1.5591, Acc: 0.2875
  Epoch 03/26 | Train Loss: 1.4998, Acc: 0.3439 | Val Loss: 1.4815, Acc: 0.3349
  Epoch 04/26 | Train Loss: 1.4433, Acc: 0.3814 | Val Loss: 1.4567, Acc: 0.3397
  Epoch 05/26 | Train Loss: 1.3851, Acc: 0.4402 | Val Loss: 1.3962, Acc: 0.4186
  Epoch 06/26 | Train Loss: 1.3570, Acc: 0.4485 | Val Loss: 1.3915, Acc: 0.4329
  Epoch 07/26 | Train Loss: 1.3130, Acc: 0.4880 | Val Loss: 1.3630, Acc: 0.4408
  Epoch 08/26 | Train Loss: 1.2786, Acc: 0.4927 | Val Loss: 1.3303, Acc: 0.4708
  Epoch 09/26 | Train Loss: 1.2562, Acc: 0.4990 | Val Loss: 1.3108, Acc: 0.4739
  Epoch 10/26 | Train Loss: 1.2314, Acc: 0.5270 | Val Loss: 1.3003, Acc: 0.4961
  Epoch 11/26 | Train Loss: 1.2014, Acc: 0.5322 | Val Loss: 1.2817, Acc: 0.4834
  Epoch 12/26 | Train Loss: 1.1831, Acc: 0.5417 | Val Loss: 1.2797, Acc: 0.5055
  Epoch 13/26 | Train Loss: 1.1639, Acc: 0.5519 | Val Loss: 1.2655, Acc: 0.5071
  Epoch 14/26 | Train Loss: 1.1444, Acc: 0.5657 | Val Loss: 1.2729, Acc: 0.4866
  Epoch 15/26 | Train Loss: 1.1193, Acc: 0.5839 | Val Loss: 1.2465, Acc: 0.5134
  Epoch 16/26 | Train Loss: 1.1070, Acc: 0.5811 | Val Loss: 1.2480, Acc: 0.5118
  Epoch 17/26 | Train Loss: 1.0832, Acc: 0.5942 | Val Loss: 1.2429, Acc: 0.5150
  Epoch 18/26 | Train Loss: 1.0756, Acc: 0.6028 | Val Loss: 1.2405, Acc: 0.5150
  Epoch 19/26 | Train Loss: 1.0506, Acc: 0.6099 | Val Loss: 1.2196, Acc: 0.4976
  Epoch 20/26 | Train Loss: 1.0390, Acc: 0.6340 | Val Loss: 1.2167, Acc: 0.5024
  Epoch 21/26 | Train Loss: 1.0213, Acc: 0.6344 | Val Loss: 1.2135, Acc: 0.4929
  Epoch 22/26 | Train Loss: 1.0079, Acc: 0.6455 | Val Loss: 1.2309, Acc: 0.5103
  Epoch 23/26 | Train Loss: 0.9972, Acc: 0.6451 | Val Loss: 1.2032, Acc: 0.5166
  Epoch 24/26 | Train Loss: 0.9881, Acc: 0.6522 | Val Loss: 1.2158, Acc: 0.5182
  Epoch 25/26 | Train Loss: 0.9766, Acc: 0.6534 | Val Loss: 1.2022, Acc: 0.5182
  Epoch 26/26 | Train Loss: 0.9556, Acc: 0.6629 | Val Loss: 1.2023, Acc: 0.5182
  Fold 5 best validation accuracy: 0.5182

Trial 3 completed with mean validation accuracy: 0.4984

==================================================
Starting Trial 4
Parameters: batch_size=32, lr=0.000396, epochs=10, weight_decay=0.000004
==================================================

Fold 1/5
  Epoch 01/10 | Train Loss: 1.5998, Acc: 0.3077 | Val Loss: 1.4652, Acc: 0.3896
  Epoch 02/10 | Train Loss: 1.4005, Acc: 0.4230 | Val Loss: 1.4000, Acc: 0.4117
  Epoch 03/10 | Train Loss: 1.3016, Acc: 0.4874 | Val Loss: 1.3202, Acc: 0.4558
  Epoch 04/10 | Train Loss: 1.2329, Acc: 0.5174 | Val Loss: 1.2839, Acc: 0.4890
  Epoch 05/10 | Train Loss: 1.1912, Acc: 0.5280 | Val Loss: 1.2898, Acc: 0.4590
  Epoch 06/10 | Train Loss: 1.1266, Acc: 0.5632 | Val Loss: 1.3472, Acc: 0.4495
  Epoch 07/10 | Train Loss: 1.0807, Acc: 0.5869 | Val Loss: 1.2858, Acc: 0.4464
  Epoch 08/10 | Train Loss: 1.0453, Acc: 0.5979 | Val Loss: 1.2960, Acc: 0.4432
  Epoch 09/10 | Train Loss: 1.0207, Acc: 0.6110 | Val Loss: 1.2217, Acc: 0.5000
  Epoch 10/10 | Train Loss: 0.9633, Acc: 0.6477 | Val Loss: 1.2606, Acc: 0.4874
  Fold 1 best validation accuracy: 0.5000

Fold 2/5
  Epoch 01/10 | Train Loss: 1.6506, Acc: 0.2771 | Val Loss: 1.4755, Acc: 0.3649
  Epoch 02/10 | Train Loss: 1.4060, Acc: 0.4031 | Val Loss: 1.4480, Acc: 0.3886
  Epoch 03/10 | Train Loss: 1.3046, Acc: 0.4631 | Val Loss: 1.3618, Acc: 0.4550
  Epoch 04/10 | Train Loss: 1.2325, Acc: 0.5002 | Val Loss: 1.3241, Acc: 0.4581
  Epoch 05/10 | Train Loss: 1.1803, Acc: 0.5440 | Val Loss: 1.3755, Acc: 0.4329
  Epoch 06/10 | Train Loss: 1.1349, Acc: 0.5602 | Val Loss: 1.2914, Acc: 0.4613
  Epoch 07/10 | Train Loss: 1.0766, Acc: 0.5930 | Val Loss: 1.3227, Acc: 0.4534
  Epoch 08/10 | Train Loss: 1.0443, Acc: 0.6072 | Val Loss: 1.3052, Acc: 0.4692
  Epoch 09/10 | Train Loss: 1.0200, Acc: 0.6123 | Val Loss: 1.2483, Acc: 0.4692
  Epoch 10/10 | Train Loss: 0.9800, Acc: 0.6269 | Val Loss: 1.2609, Acc: 0.4803
  Fold 2 best validation accuracy: 0.4803

Fold 3/5
  Epoch 01/10 | Train Loss: 1.5611, Acc: 0.3214 | Val Loss: 1.4854, Acc: 0.3286
  Epoch 02/10 | Train Loss: 1.3718, Acc: 0.4035 | Val Loss: 1.4190, Acc: 0.3633
  Epoch 03/10 | Train Loss: 1.2725, Acc: 0.4572 | Val Loss: 1.3462, Acc: 0.4028
  Epoch 04/10 | Train Loss: 1.2018, Acc: 0.5160 | Val Loss: 1.3992, Acc: 0.4218
  Epoch 05/10 | Train Loss: 1.1490, Acc: 0.5551 | Val Loss: 1.3212, Acc: 0.4692
  Epoch 06/10 | Train Loss: 1.0948, Acc: 0.5705 | Val Loss: 1.3035, Acc: 0.4771
  Epoch 07/10 | Train Loss: 1.0611, Acc: 0.5890 | Val Loss: 1.3150, Acc: 0.4660
  Epoch 08/10 | Train Loss: 1.0051, Acc: 0.6178 | Val Loss: 1.2775, Acc: 0.4929
  Epoch 09/10 | Train Loss: 0.9775, Acc: 0.6321 | Val Loss: 1.2500, Acc: 0.4913
  Epoch 10/10 | Train Loss: 0.9518, Acc: 0.6459 | Val Loss: 1.2473, Acc: 0.4992
  Fold 3 best validation accuracy: 0.4992

Fold 4/5
  Epoch 01/10 | Train Loss: 1.6088, Acc: 0.2929 | Val Loss: 1.5130, Acc: 0.3049
  Epoch 02/10 | Train Loss: 1.4177, Acc: 0.3964 | Val Loss: 1.4391, Acc: 0.3965
  Epoch 03/10 | Train Loss: 1.3154, Acc: 0.4730 | Val Loss: 1.4951, Acc: 0.3476
  Epoch 04/10 | Train Loss: 1.2735, Acc: 0.4919 | Val Loss: 1.3541, Acc: 0.4471
  Epoch 05/10 | Train Loss: 1.2015, Acc: 0.5243 | Val Loss: 1.3306, Acc: 0.4518
  Epoch 06/10 | Train Loss: 1.1628, Acc: 0.5472 | Val Loss: 1.3174, Acc: 0.4629
  Epoch 07/10 | Train Loss: 1.1275, Acc: 0.5630 | Val Loss: 1.2954, Acc: 0.4581
  Epoch 08/10 | Train Loss: 1.0679, Acc: 0.6013 | Val Loss: 1.3034, Acc: 0.4250
  Epoch 09/10 | Train Loss: 1.0369, Acc: 0.6060 | Val Loss: 1.3616, Acc: 0.4155
  Epoch 10/10 | Train Loss: 0.9913, Acc: 0.6360 | Val Loss: 1.3003, Acc: 0.4866
  Fold 4 best validation accuracy: 0.4866

Fold 5/5
  Epoch 01/10 | Train Loss: 1.6203, Acc: 0.3103 | Val Loss: 1.4575, Acc: 0.3918
  Epoch 02/10 | Train Loss: 1.4215, Acc: 0.4011 | Val Loss: 1.3704, Acc: 0.4250
  Epoch 03/10 | Train Loss: 1.3294, Acc: 0.4552 | Val Loss: 1.3163, Acc: 0.4550
  Epoch 04/10 | Train Loss: 1.2822, Acc: 0.4773 | Val Loss: 1.2932, Acc: 0.4660
  Epoch 05/10 | Train Loss: 1.2279, Acc: 0.5018 | Val Loss: 1.2671, Acc: 0.4613
  Epoch 06/10 | Train Loss: 1.1866, Acc: 0.5270 | Val Loss: 1.2313, Acc: 0.4913
  Epoch 07/10 | Train Loss: 1.1317, Acc: 0.5555 | Val Loss: 1.2185, Acc: 0.5087
  Epoch 08/10 | Train Loss: 1.0944, Acc: 0.5732 | Val Loss: 1.1916, Acc: 0.5024
  Epoch 09/10 | Train Loss: 1.0900, Acc: 0.5764 | Val Loss: 1.2259, Acc: 0.5071
  Epoch 10/10 | Train Loss: 1.0490, Acc: 0.6040 | Val Loss: 1.1946, Acc: 0.5182
  Fold 5 best validation accuracy: 0.5182

Trial 4 completed with mean validation accuracy: 0.4968

==================================================
Starting Trial 5
Parameters: batch_size=16, lr=0.001780, epochs=27, weight_decay=0.000014
==================================================

Fold 1/5
  Epoch 01/27 | Train Loss: 1.5493, Acc: 0.3337 | Val Loss: 1.4825, Acc: 0.4022
  Epoch 02/27 | Train Loss: 1.3753, Acc: 0.4392 | Val Loss: 1.3698, Acc: 0.4353
  Epoch 03/27 | Train Loss: 1.3100, Acc: 0.4554 | Val Loss: 1.3564, Acc: 0.4527
  Epoch 04/27 | Train Loss: 1.2514, Acc: 0.4806 | Val Loss: 1.2609, Acc: 0.4669
  Epoch 05/27 | Train Loss: 1.2257, Acc: 0.5004 | Val Loss: 1.2035, Acc: 0.5110
  Epoch 06/27 | Train Loss: 1.1571, Acc: 0.5245 | Val Loss: 1.2148, Acc: 0.4921
  Epoch 07/27 | Train Loss: 1.1038, Acc: 0.5395 | Val Loss: 1.2673, Acc: 0.4621
  Epoch 08/27 | Train Loss: 1.0852, Acc: 0.5462 | Val Loss: 1.3281, Acc: 0.4700
  Epoch 09/27 | Train Loss: 1.0085, Acc: 0.5841 | Val Loss: 1.1453, Acc: 0.5032
  Epoch 10/27 | Train Loss: 0.9463, Acc: 0.6244 | Val Loss: 1.2246, Acc: 0.5363
  Epoch 11/27 | Train Loss: 0.9227, Acc: 0.6438 | Val Loss: 1.2543, Acc: 0.4574
  Epoch 12/27 | Train Loss: 0.8698, Acc: 0.6497 | Val Loss: 1.1340, Acc: 0.5457
  Epoch 13/27 | Train Loss: 0.8410, Acc: 0.6572 | Val Loss: 1.2342, Acc: 0.5032
  Epoch 14/27 | Train Loss: 0.8004, Acc: 0.6738 | Val Loss: 1.1654, Acc: 0.5489
  Epoch 15/27 | Train Loss: 0.7670, Acc: 0.6987 | Val Loss: 1.1523, Acc: 0.5426
  Epoch 16/27 | Train Loss: 0.7304, Acc: 0.7077 | Val Loss: 1.1777, Acc: 0.5000
  Epoch 17/27 | Train Loss: 0.6800, Acc: 0.7295 | Val Loss: 1.1806, Acc: 0.5284
  Epoch 18/27 | Train Loss: 0.6720, Acc: 0.7322 | Val Loss: 1.1500, Acc: 0.5442
  Epoch 19/27 | Train Loss: 0.6359, Acc: 0.7496 | Val Loss: 1.1791, Acc: 0.5331
  Epoch 20/27 | Train Loss: 0.6183, Acc: 0.7551 | Val Loss: 1.1442, Acc: 0.5615
  Epoch 21/27 | Train Loss: 0.5848, Acc: 0.7820 | Val Loss: 1.1849, Acc: 0.5363
  Epoch 22/27 | Train Loss: 0.5472, Acc: 0.7863 | Val Loss: 1.1727, Acc: 0.5694
  Epoch 23/27 | Train Loss: 0.5295, Acc: 0.8009 | Val Loss: 1.1309, Acc: 0.5647
  Epoch 24/27 | Train Loss: 0.4960, Acc: 0.8167 | Val Loss: 1.2043, Acc: 0.5962
  Epoch 25/27 | Train Loss: 0.5056, Acc: 0.8088 | Val Loss: 1.2931, Acc: 0.5315
  Epoch 26/27 | Train Loss: 0.4918, Acc: 0.8124 | Val Loss: 1.2042, Acc: 0.5473
  Epoch 27/27 | Train Loss: 0.4729, Acc: 0.8246 | Val Loss: 1.2797, Acc: 0.5268
  Fold 1 best validation accuracy: 0.5962

Fold 2/5
  Epoch 01/27 | Train Loss: 1.5320, Acc: 0.3356 | Val Loss: 1.4794, Acc: 0.3381
  Epoch 02/27 | Train Loss: 1.4024, Acc: 0.4078 | Val Loss: 1.3968, Acc: 0.3981
  Epoch 03/27 | Train Loss: 1.3271, Acc: 0.4398 | Val Loss: 1.3454, Acc: 0.4329
  Epoch 04/27 | Train Loss: 1.2539, Acc: 0.4812 | Val Loss: 1.2900, Acc: 0.4724
  Epoch 05/27 | Train Loss: 1.2143, Acc: 0.4974 | Val Loss: 1.3021, Acc: 0.4471
  Epoch 06/27 | Train Loss: 1.1593, Acc: 0.5330 | Val Loss: 1.2373, Acc: 0.4866
  Epoch 07/27 | Train Loss: 1.1131, Acc: 0.5488 | Val Loss: 1.2862, Acc: 0.4487
  Epoch 08/27 | Train Loss: 1.0704, Acc: 0.5586 | Val Loss: 1.2240, Acc: 0.4866
  Epoch 09/27 | Train Loss: 1.0431, Acc: 0.5724 | Val Loss: 1.2271, Acc: 0.5087
  Epoch 10/27 | Train Loss: 1.0240, Acc: 0.5732 | Val Loss: 1.2020, Acc: 0.5308
  Epoch 11/27 | Train Loss: 0.9677, Acc: 0.6131 | Val Loss: 1.1817, Acc: 0.5071
  Epoch 12/27 | Train Loss: 0.9165, Acc: 0.6388 | Val Loss: 1.1368, Acc: 0.5276
  Epoch 13/27 | Train Loss: 0.8744, Acc: 0.6482 | Val Loss: 1.1729, Acc: 0.5292
  Epoch 14/27 | Train Loss: 0.8508, Acc: 0.6565 | Val Loss: 1.1236, Acc: 0.5340
  Epoch 15/27 | Train Loss: 0.7939, Acc: 0.6932 | Val Loss: 1.1627, Acc: 0.5166
  Epoch 16/27 | Train Loss: 0.7861, Acc: 0.6960 | Val Loss: 1.0888, Acc: 0.5434
  Epoch 17/27 | Train Loss: 0.7308, Acc: 0.7122 | Val Loss: 1.1483, Acc: 0.5387
  Epoch 18/27 | Train Loss: 0.6807, Acc: 0.7371 | Val Loss: 1.1650, Acc: 0.5624
  Epoch 19/27 | Train Loss: 0.6757, Acc: 0.7375 | Val Loss: 1.2479, Acc: 0.5324
  Epoch 20/27 | Train Loss: 0.6237, Acc: 0.7612 | Val Loss: 1.1665, Acc: 0.5545
  Epoch 21/27 | Train Loss: 0.6579, Acc: 0.7426 | Val Loss: 1.2113, Acc: 0.5371
  Epoch 22/27 | Train Loss: 0.5678, Acc: 0.7900 | Val Loss: 1.1551, Acc: 0.5450
  Epoch 23/27 | Train Loss: 0.5536, Acc: 0.7892 | Val Loss: 1.3274, Acc: 0.5324
  Epoch 24/27 | Train Loss: 0.5444, Acc: 0.7983 | Val Loss: 1.1600, Acc: 0.5703
  Epoch 25/27 | Train Loss: 0.5202, Acc: 0.7994 | Val Loss: 1.3048, Acc: 0.5276
  Epoch 26/27 | Train Loss: 0.5138, Acc: 0.8054 | Val Loss: 1.3311, Acc: 0.5245
  Epoch 27/27 | Train Loss: 0.4740, Acc: 0.8220 | Val Loss: 1.2711, Acc: 0.5592
  Fold 2 best validation accuracy: 0.5703

Fold 3/5
  Epoch 01/27 | Train Loss: 1.5470, Acc: 0.3221 | Val Loss: 1.4737, Acc: 0.3807
  Epoch 02/27 | Train Loss: 1.4110, Acc: 0.3991 | Val Loss: 1.3732, Acc: 0.4123
  Epoch 03/27 | Train Loss: 1.3322, Acc: 0.4331 | Val Loss: 1.3831, Acc: 0.3807
  Epoch 04/27 | Train Loss: 1.2602, Acc: 0.4718 | Val Loss: 1.3164, Acc: 0.4423
  Epoch 05/27 | Train Loss: 1.2069, Acc: 0.4884 | Val Loss: 1.3617, Acc: 0.4376
  Epoch 06/27 | Train Loss: 1.1330, Acc: 0.5286 | Val Loss: 1.2238, Acc: 0.5055
  Epoch 07/27 | Train Loss: 1.0885, Acc: 0.5551 | Val Loss: 1.1607, Acc: 0.5276
  Epoch 08/27 | Train Loss: 1.0611, Acc: 0.5717 | Val Loss: 1.3678, Acc: 0.4376
  Epoch 09/27 | Train Loss: 1.0112, Acc: 0.5886 | Val Loss: 1.2452, Acc: 0.4818
  Epoch 10/27 | Train Loss: 0.9700, Acc: 0.6048 | Val Loss: 1.1457, Acc: 0.5039
  Epoch 11/27 | Train Loss: 0.9168, Acc: 0.6269 | Val Loss: 1.1309, Acc: 0.5340
  Epoch 12/27 | Train Loss: 0.8780, Acc: 0.6447 | Val Loss: 1.2210, Acc: 0.4976
  Epoch 13/27 | Train Loss: 0.8452, Acc: 0.6550 | Val Loss: 1.1268, Acc: 0.5324
  Epoch 14/27 | Train Loss: 0.7991, Acc: 0.6830 | Val Loss: 1.1472, Acc: 0.5245
  Epoch 15/27 | Train Loss: 0.7794, Acc: 0.6932 | Val Loss: 1.1405, Acc: 0.5450
  Epoch 16/27 | Train Loss: 0.7369, Acc: 0.7122 | Val Loss: 1.1365, Acc: 0.5292
  Epoch 17/27 | Train Loss: 0.7062, Acc: 0.7233 | Val Loss: 1.1495, Acc: 0.5229
  Epoch 18/27 | Train Loss: 0.6759, Acc: 0.7351 | Val Loss: 1.2858, Acc: 0.5008
  Epoch 19/27 | Train Loss: 0.6573, Acc: 0.7363 | Val Loss: 1.1586, Acc: 0.5529
  Epoch 20/27 | Train Loss: 0.6140, Acc: 0.7647 | Val Loss: 1.1837, Acc: 0.5166
  Epoch 21/27 | Train Loss: 0.5709, Acc: 0.7801 | Val Loss: 1.3309, Acc: 0.5261
  Epoch 22/27 | Train Loss: 0.5588, Acc: 0.7892 | Val Loss: 1.4054, Acc: 0.5055
  Epoch 23/27 | Train Loss: 0.5484, Acc: 0.7951 | Val Loss: 1.4171, Acc: 0.5055
  Epoch 24/27 | Train Loss: 0.5803, Acc: 0.7785 | Val Loss: 1.3011, Acc: 0.5134
  Epoch 25/27 | Train Loss: 0.4888, Acc: 0.8156 | Val Loss: 1.3939, Acc: 0.5166
  Epoch 26/27 | Train Loss: 0.5047, Acc: 0.8058 | Val Loss: 1.3604, Acc: 0.5229
  Epoch 27/27 | Train Loss: 0.5094, Acc: 0.8073 | Val Loss: 1.3542, Acc: 0.5450
  Fold 3 best validation accuracy: 0.5529

Fold 4/5
  Epoch 01/27 | Train Loss: 1.5736, Acc: 0.3012 | Val Loss: 1.4330, Acc: 0.3618
  Epoch 02/27 | Train Loss: 1.3967, Acc: 0.4106 | Val Loss: 1.3438, Acc: 0.4487
  Epoch 03/27 | Train Loss: 1.3358, Acc: 0.4339 | Val Loss: 1.2799, Acc: 0.4676
  Epoch 04/27 | Train Loss: 1.2949, Acc: 0.4572 | Val Loss: 1.2864, Acc: 0.4471
  Epoch 05/27 | Train Loss: 1.2263, Acc: 0.4868 | Val Loss: 1.2414, Acc: 0.4818
  Epoch 06/27 | Train Loss: 1.1629, Acc: 0.5180 | Val Loss: 1.2479, Acc: 0.4660
  Epoch 07/27 | Train Loss: 1.1294, Acc: 0.5385 | Val Loss: 1.3071, Acc: 0.4676
  Epoch 08/27 | Train Loss: 1.1220, Acc: 0.5381 | Val Loss: 1.1760, Acc: 0.4976
  Epoch 09/27 | Train Loss: 1.0578, Acc: 0.5665 | Val Loss: 1.1552, Acc: 0.5008
  Epoch 10/27 | Train Loss: 0.9846, Acc: 0.6119 | Val Loss: 1.1411, Acc: 0.5355
  Epoch 11/27 | Train Loss: 0.9387, Acc: 0.6123 | Val Loss: 1.2339, Acc: 0.4724
  Epoch 12/27 | Train Loss: 0.9008, Acc: 0.6411 | Val Loss: 1.1489, Acc: 0.5197
  Epoch 13/27 | Train Loss: 0.8655, Acc: 0.6502 | Val Loss: 1.0846, Acc: 0.5577
  Epoch 14/27 | Train Loss: 0.8274, Acc: 0.6664 | Val Loss: 1.1419, Acc: 0.5419
  Epoch 15/27 | Train Loss: 0.8058, Acc: 0.6802 | Val Loss: 1.0969, Acc: 0.5640
  Epoch 16/27 | Train Loss: 0.7453, Acc: 0.7000 | Val Loss: 1.1721, Acc: 0.5482
  Epoch 17/27 | Train Loss: 0.7273, Acc: 0.7154 | Val Loss: 1.0452, Acc: 0.5640
  Epoch 18/27 | Train Loss: 0.6844, Acc: 0.7402 | Val Loss: 1.1380, Acc: 0.5403
  Epoch 19/27 | Train Loss: 0.6745, Acc: 0.7375 | Val Loss: 1.1618, Acc: 0.5292
  Epoch 20/27 | Train Loss: 0.6801, Acc: 0.7363 | Val Loss: 1.0929, Acc: 0.5529
  Epoch 21/27 | Train Loss: 0.6003, Acc: 0.7687 | Val Loss: 1.1090, Acc: 0.5782
  Epoch 22/27 | Train Loss: 0.5792, Acc: 0.7809 | Val Loss: 1.1587, Acc: 0.5640
  Epoch 23/27 | Train Loss: 0.6205, Acc: 0.7576 | Val Loss: 1.1750, Acc: 0.5466
  Epoch 24/27 | Train Loss: 0.5587, Acc: 0.7884 | Val Loss: 1.1714, Acc: 0.5577
  Epoch 25/27 | Train Loss: 0.5359, Acc: 0.7939 | Val Loss: 1.3396, Acc: 0.5197
  Epoch 26/27 | Train Loss: 0.4977, Acc: 0.8097 | Val Loss: 1.1264, Acc: 0.5640
  Epoch 27/27 | Train Loss: 0.4929, Acc: 0.8125 | Val Loss: 1.1618, Acc: 0.5592
  Fold 4 best validation accuracy: 0.5782

Fold 5/5
  Epoch 01/27 | Train Loss: 1.5519, Acc: 0.3296 | Val Loss: 1.3937, Acc: 0.4186
  Epoch 02/27 | Train Loss: 1.4087, Acc: 0.4015 | Val Loss: 1.3130, Acc: 0.4597
  Epoch 03/27 | Train Loss: 1.3402, Acc: 0.4422 | Val Loss: 1.2891, Acc: 0.4581
  Epoch 04/27 | Train Loss: 1.2752, Acc: 0.4801 | Val Loss: 1.2999, Acc: 0.4550
  Epoch 05/27 | Train Loss: 1.2106, Acc: 0.5010 | Val Loss: 1.3393, Acc: 0.4423
  Epoch 06/27 | Train Loss: 1.1900, Acc: 0.5077 | Val Loss: 1.2570, Acc: 0.4566
  Epoch 07/27 | Train Loss: 1.1439, Acc: 0.5227 | Val Loss: 1.2107, Acc: 0.5039
  Epoch 08/27 | Train Loss: 1.1223, Acc: 0.5373 | Val Loss: 1.1989, Acc: 0.5087
  Epoch 09/27 | Train Loss: 1.0554, Acc: 0.5764 | Val Loss: 1.1433, Acc: 0.5213
  Epoch 10/27 | Train Loss: 1.0339, Acc: 0.5803 | Val Loss: 1.1358, Acc: 0.5213
  Epoch 11/27 | Train Loss: 0.9940, Acc: 0.5942 | Val Loss: 1.1101, Acc: 0.5340
  Epoch 12/27 | Train Loss: 0.9468, Acc: 0.6253 | Val Loss: 1.1614, Acc: 0.5245
  Epoch 13/27 | Train Loss: 0.9517, Acc: 0.6072 | Val Loss: 1.1053, Acc: 0.5229
  Epoch 14/27 | Train Loss: 0.8682, Acc: 0.6494 | Val Loss: 1.0615, Acc: 0.5671
  Epoch 15/27 | Train Loss: 0.8467, Acc: 0.6648 | Val Loss: 1.1322, Acc: 0.5087
  Epoch 16/27 | Train Loss: 0.8550, Acc: 0.6502 | Val Loss: 1.2542, Acc: 0.5276
  Epoch 17/27 | Train Loss: 0.7734, Acc: 0.7000 | Val Loss: 1.1771, Acc: 0.5197
  Epoch 18/27 | Train Loss: 0.7486, Acc: 0.6929 | Val Loss: 1.2522, Acc: 0.5229
  Epoch 19/27 | Train Loss: 0.7172, Acc: 0.7130 | Val Loss: 1.1675, Acc: 0.5434
  Epoch 20/27 | Train Loss: 0.6780, Acc: 0.7402 | Val Loss: 1.1142, Acc: 0.5561
  Epoch 21/27 | Train Loss: 0.6428, Acc: 0.7422 | Val Loss: 1.0982, Acc: 0.5592
  Epoch 22/27 | Train Loss: 0.6454, Acc: 0.7434 | Val Loss: 1.2208, Acc: 0.5292
  Epoch 23/27 | Train Loss: 0.5909, Acc: 0.7698 | Val Loss: 1.2031, Acc: 0.5419
  Epoch 24/27 | Train Loss: 0.5993, Acc: 0.7647 | Val Loss: 1.1826, Acc: 0.5513
  Epoch 25/27 | Train Loss: 0.5509, Acc: 0.7868 | Val Loss: 1.2371, Acc: 0.5498
  Epoch 26/27 | Train Loss: 0.5267, Acc: 0.7955 | Val Loss: 1.1761, Acc: 0.5766
  Epoch 27/27 | Train Loss: 0.5133, Acc: 0.8006 | Val Loss: 1.1821, Acc: 0.5403
  Fold 5 best validation accuracy: 0.5766

Trial 5 completed with mean validation accuracy: 0.5749

==================================================
Starting Trial 6
Parameters: batch_size=8, lr=0.000061, epochs=27, weight_decay=0.000262
==================================================

Fold 1/5
  Epoch 01/27 | Train Loss: 1.6816, Acc: 0.2599 | Val Loss: 1.5483, Acc: 0.3091
  Epoch 02/27 | Train Loss: 1.4923, Acc: 0.3290 | Val Loss: 1.4597, Acc: 0.3596
  Epoch 03/27 | Train Loss: 1.4222, Acc: 0.3878 | Val Loss: 1.4222, Acc: 0.4085
  Epoch 04/27 | Train Loss: 1.3643, Acc: 0.4242 | Val Loss: 1.3862, Acc: 0.4353
  Epoch 05/27 | Train Loss: 1.3208, Acc: 0.4672 | Val Loss: 1.3489, Acc: 0.4479
  Epoch 06/27 | Train Loss: 1.2794, Acc: 0.4917 | Val Loss: 1.3288, Acc: 0.4574
  Epoch 07/27 | Train Loss: 1.2425, Acc: 0.5130 | Val Loss: 1.3159, Acc: 0.4637
  Epoch 08/27 | Train Loss: 1.2233, Acc: 0.5265 | Val Loss: 1.2981, Acc: 0.4558
  Epoch 09/27 | Train Loss: 1.1836, Acc: 0.5332 | Val Loss: 1.3031, Acc: 0.4779
  Epoch 10/27 | Train Loss: 1.1683, Acc: 0.5533 | Val Loss: 1.2794, Acc: 0.4811
  Epoch 11/27 | Train Loss: 1.1360, Acc: 0.5679 | Val Loss: 1.2786, Acc: 0.4795
  Epoch 12/27 | Train Loss: 1.1124, Acc: 0.5735 | Val Loss: 1.2661, Acc: 0.4984
  Epoch 13/27 | Train Loss: 1.1053, Acc: 0.5861 | Val Loss: 1.2636, Acc: 0.5110
  Epoch 14/27 | Train Loss: 1.0835, Acc: 0.5952 | Val Loss: 1.2483, Acc: 0.5000
  Epoch 15/27 | Train Loss: 1.0627, Acc: 0.6082 | Val Loss: 1.2333, Acc: 0.5063
  Epoch 16/27 | Train Loss: 1.0422, Acc: 0.6209 | Val Loss: 1.2508, Acc: 0.5158
  Epoch 17/27 | Train Loss: 1.0222, Acc: 0.6295 | Val Loss: 1.2487, Acc: 0.4700
  Epoch 18/27 | Train Loss: 1.0029, Acc: 0.6327 | Val Loss: 1.2238, Acc: 0.4953
  Epoch 19/27 | Train Loss: 0.9965, Acc: 0.6414 | Val Loss: 1.2227, Acc: 0.5095
  Epoch 20/27 | Train Loss: 0.9732, Acc: 0.6584 | Val Loss: 1.2085, Acc: 0.5110
  Epoch 21/27 | Train Loss: 0.9595, Acc: 0.6655 | Val Loss: 1.2324, Acc: 0.4858
  Epoch 22/27 | Train Loss: 0.9458, Acc: 0.6663 | Val Loss: 1.1984, Acc: 0.5300
  Epoch 23/27 | Train Loss: 0.9337, Acc: 0.6702 | Val Loss: 1.1918, Acc: 0.5363
  Epoch 24/27 | Train Loss: 0.9182, Acc: 0.6793 | Val Loss: 1.1912, Acc: 0.5189
  Epoch 25/27 | Train Loss: 0.9011, Acc: 0.6943 | Val Loss: 1.1955, Acc: 0.5252
  Epoch 26/27 | Train Loss: 0.8929, Acc: 0.6915 | Val Loss: 1.2314, Acc: 0.4905
  Epoch 27/27 | Train Loss: 0.8754, Acc: 0.6998 | Val Loss: 1.2069, Acc: 0.4968
  Fold 1 best validation accuracy: 0.5363

Fold 2/5
  Epoch 01/27 | Train Loss: 1.6651, Acc: 0.2846 | Val Loss: 1.5260, Acc: 0.3333
  Epoch 02/27 | Train Loss: 1.5004, Acc: 0.3573 | Val Loss: 1.4791, Acc: 0.3602
  Epoch 03/27 | Train Loss: 1.4329, Acc: 0.4051 | Val Loss: 1.4411, Acc: 0.4028
  Epoch 04/27 | Train Loss: 1.3797, Acc: 0.4323 | Val Loss: 1.4368, Acc: 0.3965
  Epoch 05/27 | Train Loss: 1.3447, Acc: 0.4619 | Val Loss: 1.3920, Acc: 0.4234
  Epoch 06/27 | Train Loss: 1.3098, Acc: 0.4812 | Val Loss: 1.3930, Acc: 0.4139
  Epoch 07/27 | Train Loss: 1.2802, Acc: 0.4856 | Val Loss: 1.3873, Acc: 0.4218
  Epoch 08/27 | Train Loss: 1.2534, Acc: 0.5026 | Val Loss: 1.3575, Acc: 0.4566
  Epoch 09/27 | Train Loss: 1.2369, Acc: 0.5152 | Val Loss: 1.3422, Acc: 0.4629
  Epoch 10/27 | Train Loss: 1.2112, Acc: 0.5219 | Val Loss: 1.3360, Acc: 0.4550
  Epoch 11/27 | Train Loss: 1.1806, Acc: 0.5420 | Val Loss: 1.3443, Acc: 0.4566
  Epoch 12/27 | Train Loss: 1.1653, Acc: 0.5464 | Val Loss: 1.3252, Acc: 0.4676
  Epoch 13/27 | Train Loss: 1.1356, Acc: 0.5720 | Val Loss: 1.3048, Acc: 0.4534
  Epoch 14/27 | Train Loss: 1.1254, Acc: 0.5780 | Val Loss: 1.3394, Acc: 0.4455
  Epoch 15/27 | Train Loss: 1.1040, Acc: 0.5898 | Val Loss: 1.3097, Acc: 0.4818
  Epoch 16/27 | Train Loss: 1.0938, Acc: 0.5863 | Val Loss: 1.3113, Acc: 0.4645
  Epoch 17/27 | Train Loss: 1.0727, Acc: 0.5969 | Val Loss: 1.3223, Acc: 0.4329
  Epoch 18/27 | Train Loss: 1.0533, Acc: 0.6084 | Val Loss: 1.3094, Acc: 0.4645
  Epoch 19/27 | Train Loss: 1.0446, Acc: 0.6036 | Val Loss: 1.2866, Acc: 0.4739
  Epoch 20/27 | Train Loss: 1.0223, Acc: 0.6344 | Val Loss: 1.2956, Acc: 0.4676
  Epoch 21/27 | Train Loss: 1.0170, Acc: 0.6352 | Val Loss: 1.2810, Acc: 0.4771
  Epoch 22/27 | Train Loss: 0.9986, Acc: 0.6384 | Val Loss: 1.2806, Acc: 0.4692
  Epoch 23/27 | Train Loss: 0.9859, Acc: 0.6451 | Val Loss: 1.3228, Acc: 0.4629
  Epoch 24/27 | Train Loss: 0.9777, Acc: 0.6538 | Val Loss: 1.2760, Acc: 0.4787
  Epoch 25/27 | Train Loss: 0.9684, Acc: 0.6542 | Val Loss: 1.2689, Acc: 0.4755
  Epoch 26/27 | Train Loss: 0.9588, Acc: 0.6625 | Val Loss: 1.2771, Acc: 0.4866
  Epoch 27/27 | Train Loss: 0.9424, Acc: 0.6767 | Val Loss: 1.2821, Acc: 0.4692
  Fold 2 best validation accuracy: 0.4866

Fold 3/5
  Epoch 01/27 | Train Loss: 1.7540, Acc: 0.2665 | Val Loss: 1.5649, Acc: 0.3033
  Epoch 02/27 | Train Loss: 1.4973, Acc: 0.3261 | Val Loss: 1.4962, Acc: 0.3381
  Epoch 03/27 | Train Loss: 1.4309, Acc: 0.3786 | Val Loss: 1.4591, Acc: 0.3444
  Epoch 04/27 | Train Loss: 1.3750, Acc: 0.4086 | Val Loss: 1.4218, Acc: 0.3839
  Epoch 05/27 | Train Loss: 1.3330, Acc: 0.4311 | Val Loss: 1.3941, Acc: 0.3791
  Epoch 06/27 | Train Loss: 1.2873, Acc: 0.4718 | Val Loss: 1.3739, Acc: 0.4250
  Epoch 07/27 | Train Loss: 1.2666, Acc: 0.4872 | Val Loss: 1.3579, Acc: 0.4408
  Epoch 08/27 | Train Loss: 1.2225, Acc: 0.5266 | Val Loss: 1.3447, Acc: 0.4392
  Epoch 09/27 | Train Loss: 1.2074, Acc: 0.5318 | Val Loss: 1.3628, Acc: 0.4329
  Epoch 10/27 | Train Loss: 1.1719, Acc: 0.5456 | Val Loss: 1.3560, Acc: 0.4329
  Epoch 11/27 | Train Loss: 1.1606, Acc: 0.5594 | Val Loss: 1.3308, Acc: 0.4597
  Epoch 12/27 | Train Loss: 1.1455, Acc: 0.5551 | Val Loss: 1.3336, Acc: 0.4392
  Epoch 13/27 | Train Loss: 1.1124, Acc: 0.5748 | Val Loss: 1.3052, Acc: 0.4676
  Epoch 14/27 | Train Loss: 1.0989, Acc: 0.5874 | Val Loss: 1.2961, Acc: 0.4629
  Epoch 15/27 | Train Loss: 1.0835, Acc: 0.5993 | Val Loss: 1.3010, Acc: 0.4487
  Epoch 16/27 | Train Loss: 1.0557, Acc: 0.6076 | Val Loss: 1.3070, Acc: 0.4629
  Epoch 17/27 | Train Loss: 1.0434, Acc: 0.6190 | Val Loss: 1.2823, Acc: 0.4676
  Epoch 18/27 | Train Loss: 1.0315, Acc: 0.6214 | Val Loss: 1.2822, Acc: 0.4660
  Epoch 19/27 | Train Loss: 1.0044, Acc: 0.6265 | Val Loss: 1.2798, Acc: 0.4771
  Epoch 20/27 | Train Loss: 1.0014, Acc: 0.6285 | Val Loss: 1.3245, Acc: 0.4676
  Epoch 21/27 | Train Loss: 0.9838, Acc: 0.6384 | Val Loss: 1.2825, Acc: 0.4692
  Epoch 22/27 | Train Loss: 0.9855, Acc: 0.6403 | Val Loss: 1.2648, Acc: 0.4692
  Epoch 23/27 | Train Loss: 0.9506, Acc: 0.6605 | Val Loss: 1.3082, Acc: 0.4502
  Epoch 24/27 | Train Loss: 0.9371, Acc: 0.6652 | Val Loss: 1.2703, Acc: 0.4771
  Epoch 25/27 | Train Loss: 0.9374, Acc: 0.6644 | Val Loss: 1.3151, Acc: 0.4455
  Epoch 26/27 | Train Loss: 0.9257, Acc: 0.6692 | Val Loss: 1.2926, Acc: 0.4613
  Epoch 27/27 | Train Loss: 0.9077, Acc: 0.6775 | Val Loss: 1.2788, Acc: 0.4550
  Fold 3 best validation accuracy: 0.4771

Fold 4/5
  Epoch 01/27 | Train Loss: 1.6582, Acc: 0.2728 | Val Loss: 1.5373, Acc: 0.3349
  Epoch 02/27 | Train Loss: 1.4917, Acc: 0.3679 | Val Loss: 1.4676, Acc: 0.3760
  Epoch 03/27 | Train Loss: 1.4219, Acc: 0.4058 | Val Loss: 1.4365, Acc: 0.3918
  Epoch 04/27 | Train Loss: 1.3720, Acc: 0.4260 | Val Loss: 1.4335, Acc: 0.3744
  Epoch 05/27 | Train Loss: 1.3310, Acc: 0.4552 | Val Loss: 1.4016, Acc: 0.4060
  Epoch 06/27 | Train Loss: 1.2844, Acc: 0.4856 | Val Loss: 1.3863, Acc: 0.4234
  Epoch 07/27 | Train Loss: 1.2512, Acc: 0.5085 | Val Loss: 1.3677, Acc: 0.4265
  Epoch 08/27 | Train Loss: 1.2165, Acc: 0.5176 | Val Loss: 1.3536, Acc: 0.4139
  Epoch 09/27 | Train Loss: 1.1868, Acc: 0.5409 | Val Loss: 1.3473, Acc: 0.4218
  Epoch 10/27 | Train Loss: 1.1692, Acc: 0.5476 | Val Loss: 1.3283, Acc: 0.4518
  Epoch 11/27 | Train Loss: 1.1361, Acc: 0.5776 | Val Loss: 1.3212, Acc: 0.4471
  Epoch 12/27 | Train Loss: 1.1235, Acc: 0.5839 | Val Loss: 1.3139, Acc: 0.4487
  Epoch 13/27 | Train Loss: 1.0927, Acc: 0.6001 | Val Loss: 1.3035, Acc: 0.4597
  Epoch 14/27 | Train Loss: 1.0781, Acc: 0.6088 | Val Loss: 1.3140, Acc: 0.4550
  Epoch 15/27 | Train Loss: 1.0505, Acc: 0.6147 | Val Loss: 1.2944, Acc: 0.4502
  Epoch 16/27 | Train Loss: 1.0387, Acc: 0.6297 | Val Loss: 1.2922, Acc: 0.4534
  Epoch 17/27 | Train Loss: 1.0285, Acc: 0.6273 | Val Loss: 1.2888, Acc: 0.4660
  Epoch 18/27 | Train Loss: 1.0135, Acc: 0.6415 | Val Loss: 1.2837, Acc: 0.4692
  Epoch 19/27 | Train Loss: 1.0055, Acc: 0.6407 | Val Loss: 1.2905, Acc: 0.4755
  Epoch 20/27 | Train Loss: 0.9757, Acc: 0.6534 | Val Loss: 1.2952, Acc: 0.4550
  Epoch 21/27 | Train Loss: 0.9676, Acc: 0.6621 | Val Loss: 1.2853, Acc: 0.4502
  Epoch 22/27 | Train Loss: 0.9407, Acc: 0.6719 | Val Loss: 1.3204, Acc: 0.4566
  Epoch 23/27 | Train Loss: 0.9385, Acc: 0.6775 | Val Loss: 1.2733, Acc: 0.4787
  Epoch 24/27 | Train Loss: 0.9243, Acc: 0.6704 | Val Loss: 1.2925, Acc: 0.4692
  Epoch 25/27 | Train Loss: 0.9053, Acc: 0.6850 | Val Loss: 1.2809, Acc: 0.4660
  Epoch 26/27 | Train Loss: 0.8976, Acc: 0.6897 | Val Loss: 1.2900, Acc: 0.4581
  Epoch 27/27 | Train Loss: 0.8876, Acc: 0.6936 | Val Loss: 1.2821, Acc: 0.4724
  Fold 4 best validation accuracy: 0.4787

Fold 5/5
  Epoch 01/27 | Train Loss: 1.7646, Acc: 0.2408 | Val Loss: 1.5507, Acc: 0.3270
  Epoch 02/27 | Train Loss: 1.5474, Acc: 0.3336 | Val Loss: 1.4759, Acc: 0.3681
  Epoch 03/27 | Train Loss: 1.4600, Acc: 0.3873 | Val Loss: 1.4315, Acc: 0.4060
  Epoch 04/27 | Train Loss: 1.4039, Acc: 0.4216 | Val Loss: 1.4014, Acc: 0.4092
  Epoch 05/27 | Train Loss: 1.3595, Acc: 0.4528 | Val Loss: 1.3814, Acc: 0.4392
  Epoch 06/27 | Train Loss: 1.3297, Acc: 0.4722 | Val Loss: 1.3431, Acc: 0.4613
  Epoch 07/27 | Train Loss: 1.2835, Acc: 0.4959 | Val Loss: 1.3311, Acc: 0.4676
  Epoch 08/27 | Train Loss: 1.2502, Acc: 0.5085 | Val Loss: 1.3173, Acc: 0.4581
  Epoch 09/27 | Train Loss: 1.2305, Acc: 0.5184 | Val Loss: 1.3233, Acc: 0.4613
  Epoch 10/27 | Train Loss: 1.1887, Acc: 0.5468 | Val Loss: 1.3032, Acc: 0.4708
  Epoch 11/27 | Train Loss: 1.1681, Acc: 0.5551 | Val Loss: 1.3053, Acc: 0.4613
  Epoch 12/27 | Train Loss: 1.1565, Acc: 0.5630 | Val Loss: 1.2710, Acc: 0.4803
  Epoch 13/27 | Train Loss: 1.1455, Acc: 0.5642 | Val Loss: 1.2865, Acc: 0.4882
  Epoch 14/27 | Train Loss: 1.1046, Acc: 0.5811 | Val Loss: 1.2825, Acc: 0.4739
  Epoch 15/27 | Train Loss: 1.0940, Acc: 0.5977 | Val Loss: 1.2639, Acc: 0.4597
  Epoch 16/27 | Train Loss: 1.0763, Acc: 0.6028 | Val Loss: 1.2657, Acc: 0.4755
  Epoch 17/27 | Train Loss: 1.0578, Acc: 0.6076 | Val Loss: 1.2576, Acc: 0.4739
  Epoch 18/27 | Train Loss: 1.0349, Acc: 0.6297 | Val Loss: 1.2499, Acc: 0.4818
  Epoch 19/27 | Train Loss: 1.0304, Acc: 0.6289 | Val Loss: 1.2612, Acc: 0.4882
  Epoch 20/27 | Train Loss: 1.0163, Acc: 0.6392 | Val Loss: 1.2775, Acc: 0.4708
  Epoch 21/27 | Train Loss: 1.0013, Acc: 0.6431 | Val Loss: 1.2370, Acc: 0.4866
  Epoch 22/27 | Train Loss: 0.9846, Acc: 0.6538 | Val Loss: 1.2371, Acc: 0.5008
  Epoch 23/27 | Train Loss: 0.9665, Acc: 0.6605 | Val Loss: 1.2282, Acc: 0.4882
  Epoch 24/27 | Train Loss: 0.9545, Acc: 0.6664 | Val Loss: 1.2309, Acc: 0.4929
  Epoch 25/27 | Train Loss: 0.9520, Acc: 0.6719 | Val Loss: 1.2345, Acc: 0.4866
  Epoch 26/27 | Train Loss: 0.9238, Acc: 0.6861 | Val Loss: 1.2382, Acc: 0.4913
  Epoch 27/27 | Train Loss: 0.9191, Acc: 0.6802 | Val Loss: 1.2230, Acc: 0.4945
  Fold 5 best validation accuracy: 0.5008

Trial 6 completed with mean validation accuracy: 0.4959

==================================================
Starting Trial 7
Parameters: batch_size=32, lr=0.000666, epochs=11, weight_decay=0.000122
==================================================

Fold 1/5
  Epoch 01/11 | Train Loss: 1.6179, Acc: 0.2990 | Val Loss: 1.4994, Acc: 0.3754
  Epoch 02/11 | Train Loss: 1.4287, Acc: 0.3938 | Val Loss: 1.4136, Acc: 0.4006
  Epoch 03/11 | Train Loss: 1.3361, Acc: 0.4451 | Val Loss: 1.3867, Acc: 0.4164
  Epoch 04/11 | Train Loss: 1.2730, Acc: 0.4783 | Val Loss: 1.3309, Acc: 0.4479
  Epoch 05/11 | Train Loss: 1.2199, Acc: 0.5083 | Val Loss: 1.3087, Acc: 0.4669
  Epoch 06/11 | Train Loss: 1.1860, Acc: 0.5276 | Val Loss: 1.3434, Acc: 0.4511
  Epoch 07/11 | Train Loss: 1.1306, Acc: 0.5407 | Val Loss: 1.2648, Acc: 0.4700
  Epoch 08/11 | Train Loss: 1.0842, Acc: 0.5746 | Val Loss: 1.3273, Acc: 0.4669
  Epoch 09/11 | Train Loss: 1.0508, Acc: 0.5991 | Val Loss: 1.2227, Acc: 0.4937
  Epoch 10/11 | Train Loss: 1.0136, Acc: 0.6114 | Val Loss: 1.2408, Acc: 0.4826
  Epoch 11/11 | Train Loss: 1.0540, Acc: 0.5766 | Val Loss: 1.2034, Acc: 0.5016
  Fold 1 best validation accuracy: 0.5016

Fold 2/5
  Epoch 01/11 | Train Loss: 1.6020, Acc: 0.3048 | Val Loss: 1.4524, Acc: 0.3902
  Epoch 02/11 | Train Loss: 1.3864, Acc: 0.4193 | Val Loss: 1.4037, Acc: 0.4360
  Epoch 03/11 | Train Loss: 1.2946, Acc: 0.4741 | Val Loss: 1.3075, Acc: 0.4629
  Epoch 04/11 | Train Loss: 1.2304, Acc: 0.4990 | Val Loss: 1.2948, Acc: 0.4487
  Epoch 05/11 | Train Loss: 1.1634, Acc: 0.5369 | Val Loss: 1.2487, Acc: 0.4818
  Epoch 06/11 | Train Loss: 1.1160, Acc: 0.5547 | Val Loss: 1.2049, Acc: 0.4992
  Epoch 07/11 | Train Loss: 1.0524, Acc: 0.5934 | Val Loss: 1.2170, Acc: 0.4850
  Epoch 08/11 | Train Loss: 1.0377, Acc: 0.5894 | Val Loss: 1.1992, Acc: 0.4945
  Epoch 09/11 | Train Loss: 0.9897, Acc: 0.6155 | Val Loss: 1.1917, Acc: 0.5166
  Epoch 10/11 | Train Loss: 0.9603, Acc: 0.6376 | Val Loss: 1.2695, Acc: 0.4787
  Epoch 11/11 | Train Loss: 0.9358, Acc: 0.6471 | Val Loss: 1.2312, Acc: 0.5024
  Fold 2 best validation accuracy: 0.5166

Fold 3/5
  Epoch 01/11 | Train Loss: 1.6244, Acc: 0.2681 | Val Loss: 1.5299, Acc: 0.3144
  Epoch 02/11 | Train Loss: 1.4003, Acc: 0.4027 | Val Loss: 1.4435, Acc: 0.3649
  Epoch 03/11 | Train Loss: 1.3191, Acc: 0.4418 | Val Loss: 1.3796, Acc: 0.4171
  Epoch 04/11 | Train Loss: 1.2362, Acc: 0.4966 | Val Loss: 1.3746, Acc: 0.4487
  Epoch 05/11 | Train Loss: 1.1715, Acc: 0.5361 | Val Loss: 1.3072, Acc: 0.4771
  Epoch 06/11 | Train Loss: 1.1005, Acc: 0.5606 | Val Loss: 1.3722, Acc: 0.4234
  Epoch 07/11 | Train Loss: 1.0584, Acc: 0.5882 | Val Loss: 1.2864, Acc: 0.4597
  Epoch 08/11 | Train Loss: 1.0133, Acc: 0.5985 | Val Loss: 1.2089, Acc: 0.5213
  Epoch 09/11 | Train Loss: 0.9553, Acc: 0.6297 | Val Loss: 1.3839, Acc: 0.4455
  Epoch 10/11 | Train Loss: 0.9369, Acc: 0.6467 | Val Loss: 1.2230, Acc: 0.5039
  Epoch 11/11 | Train Loss: 0.8942, Acc: 0.6589 | Val Loss: 1.2037, Acc: 0.4976
  Fold 3 best validation accuracy: 0.5213

Fold 4/5
  Epoch 01/11 | Train Loss: 1.5840, Acc: 0.3336 | Val Loss: 1.4271, Acc: 0.3902
  Epoch 02/11 | Train Loss: 1.3798, Acc: 0.4212 | Val Loss: 1.3485, Acc: 0.4234
  Epoch 03/11 | Train Loss: 1.3004, Acc: 0.4737 | Val Loss: 1.3026, Acc: 0.4724
  Epoch 04/11 | Train Loss: 1.2099, Acc: 0.5073 | Val Loss: 1.2808, Acc: 0.4660
  Epoch 05/11 | Train Loss: 1.1599, Acc: 0.5413 | Val Loss: 1.2220, Acc: 0.4834
  Epoch 06/11 | Train Loss: 1.1096, Acc: 0.5578 | Val Loss: 1.2437, Acc: 0.4787
  Epoch 07/11 | Train Loss: 1.0994, Acc: 0.5645 | Val Loss: 1.2798, Acc: 0.4645
  Epoch 08/11 | Train Loss: 1.0323, Acc: 0.5997 | Val Loss: 1.2112, Acc: 0.4976
  Epoch 09/11 | Train Loss: 1.0096, Acc: 0.6072 | Val Loss: 1.2553, Acc: 0.4724
  Epoch 10/11 | Train Loss: 0.9667, Acc: 0.6336 | Val Loss: 1.1788, Acc: 0.5024
  Epoch 11/11 | Train Loss: 0.9440, Acc: 0.6344 | Val Loss: 1.2119, Acc: 0.4897
  Fold 4 best validation accuracy: 0.5024

Fold 5/5
  Epoch 01/11 | Train Loss: 1.5948, Acc: 0.3146 | Val Loss: 1.4481, Acc: 0.4028
  Epoch 02/11 | Train Loss: 1.3863, Acc: 0.4177 | Val Loss: 1.3396, Acc: 0.4329
  Epoch 03/11 | Train Loss: 1.2828, Acc: 0.4793 | Val Loss: 1.2716, Acc: 0.4613
  Epoch 04/11 | Train Loss: 1.2131, Acc: 0.5144 | Val Loss: 1.2575, Acc: 0.4976
  Epoch 05/11 | Train Loss: 1.1482, Acc: 0.5428 | Val Loss: 1.1952, Acc: 0.5276
  Epoch 06/11 | Train Loss: 1.0934, Acc: 0.5618 | Val Loss: 1.2269, Acc: 0.4882
  Epoch 07/11 | Train Loss: 1.0558, Acc: 0.5859 | Val Loss: 1.2073, Acc: 0.5039
  Epoch 08/11 | Train Loss: 1.0305, Acc: 0.5882 | Val Loss: 1.2645, Acc: 0.4834
  Epoch 09/11 | Train Loss: 0.9824, Acc: 0.6163 | Val Loss: 1.2211, Acc: 0.4913
  Epoch 10/11 | Train Loss: 0.9352, Acc: 0.6396 | Val Loss: 1.1814, Acc: 0.5166
  Epoch 11/11 | Train Loss: 0.9018, Acc: 0.6668 | Val Loss: 1.1498, Acc: 0.5245
  Fold 5 best validation accuracy: 0.5276

Trial 7 completed with mean validation accuracy: 0.5139

==================================================
Starting Trial 8
Parameters: batch_size=8, lr=0.012326, epochs=25, weight_decay=0.000699
==================================================

Fold 1/5
  Epoch 01/25 | Train Loss: 1.7359, Acc: 0.2690 | Val Loss: 1.5661, Acc: 0.3233
  Epoch 02/25 | Train Loss: 1.5362, Acc: 0.3294 | Val Loss: 1.4654, Acc: 0.3644
  Epoch 03/25 | Train Loss: 1.4859, Acc: 0.3606 | Val Loss: 1.4234, Acc: 0.3691
  Epoch 04/25 | Train Loss: 1.4761, Acc: 0.3641 | Val Loss: 1.4159, Acc: 0.3722
  Epoch 05/25 | Train Loss: 1.4301, Acc: 0.3839 | Val Loss: 1.4266, Acc: 0.3549
  Epoch 06/25 | Train Loss: 1.4208, Acc: 0.3807 | Val Loss: 1.3793, Acc: 0.3722
  Epoch 07/25 | Train Loss: 1.3913, Acc: 0.3863 | Val Loss: 1.4590, Acc: 0.3722
  Epoch 08/25 | Train Loss: 1.3692, Acc: 0.4013 | Val Loss: 1.3087, Acc: 0.4069
  Epoch 09/25 | Train Loss: 1.3894, Acc: 0.3949 | Val Loss: 1.3065, Acc: 0.4558
  Epoch 10/25 | Train Loss: 1.3598, Acc: 0.4103 | Val Loss: 1.2936, Acc: 0.4511
  Epoch 11/25 | Train Loss: 1.3430, Acc: 0.4186 | Val Loss: 1.2730, Acc: 0.4401
  Epoch 12/25 | Train Loss: 1.3192, Acc: 0.4218 | Val Loss: 1.2541, Acc: 0.4511
  Epoch 13/25 | Train Loss: 1.3146, Acc: 0.4372 | Val Loss: 1.2880, Acc: 0.4558
  Epoch 14/25 | Train Loss: 1.3257, Acc: 0.4333 | Val Loss: 1.3252, Acc: 0.4259
  Epoch 15/25 | Train Loss: 1.2980, Acc: 0.4498 | Val Loss: 1.3151, Acc: 0.4322
  Epoch 16/25 | Train Loss: 1.2796, Acc: 0.4613 | Val Loss: 1.3470, Acc: 0.4274
  Epoch 17/25 | Train Loss: 1.2788, Acc: 0.4656 | Val Loss: 1.2682, Acc: 0.4621
  Epoch 18/25 | Train Loss: 1.2793, Acc: 0.4625 | Val Loss: 1.2426, Acc: 0.4543
  Epoch 19/25 | Train Loss: 1.2527, Acc: 0.4656 | Val Loss: 1.2400, Acc: 0.4479
  Epoch 20/25 | Train Loss: 1.2522, Acc: 0.4570 | Val Loss: 1.2568, Acc: 0.4685
  Epoch 21/25 | Train Loss: 1.2298, Acc: 0.4637 | Val Loss: 1.2962, Acc: 0.4606
  Epoch 22/25 | Train Loss: 1.2444, Acc: 0.4700 | Val Loss: 1.2204, Acc: 0.4543
  Epoch 23/25 | Train Loss: 1.2216, Acc: 0.4759 | Val Loss: 1.2268, Acc: 0.4842
  Epoch 24/25 | Train Loss: 1.2378, Acc: 0.4795 | Val Loss: 1.3192, Acc: 0.4464
  Epoch 25/25 | Train Loss: 1.2307, Acc: 0.4799 | Val Loss: 1.2242, Acc: 0.4716
  Fold 1 best validation accuracy: 0.4842

Fold 2/5
  Epoch 01/25 | Train Loss: 1.6523, Acc: 0.2902 | Val Loss: 1.4593, Acc: 0.3507
  Epoch 02/25 | Train Loss: 1.5011, Acc: 0.3533 | Val Loss: 1.4787, Acc: 0.3428
  Epoch 03/25 | Train Loss: 1.4432, Acc: 0.3679 | Val Loss: 1.3820, Acc: 0.3981
  Epoch 04/25 | Train Loss: 1.3973, Acc: 0.3877 | Val Loss: 1.4804, Acc: 0.3223
  Epoch 05/25 | Train Loss: 1.3505, Acc: 0.4078 | Val Loss: 1.3205, Acc: 0.4250
  Epoch 06/25 | Train Loss: 1.3399, Acc: 0.4145 | Val Loss: 1.3690, Acc: 0.3886
  Epoch 07/25 | Train Loss: 1.3184, Acc: 0.4339 | Val Loss: 1.3382, Acc: 0.4265
  Epoch 08/25 | Train Loss: 1.2986, Acc: 0.4489 | Val Loss: 1.4075, Acc: 0.3823
  Epoch 09/25 | Train Loss: 1.2925, Acc: 0.4485 | Val Loss: 1.2903, Acc: 0.4171
  Epoch 10/25 | Train Loss: 1.2789, Acc: 0.4449 | Val Loss: 1.3412, Acc: 0.4202
  Epoch 11/25 | Train Loss: 1.2744, Acc: 0.4564 | Val Loss: 1.3279, Acc: 0.4171
  Epoch 12/25 | Train Loss: 1.2649, Acc: 0.4449 | Val Loss: 1.3915, Acc: 0.3981
  Epoch 13/25 | Train Loss: 1.2495, Acc: 0.4619 | Val Loss: 1.2913, Acc: 0.4376
  Epoch 14/25 | Train Loss: 1.2314, Acc: 0.4769 | Val Loss: 1.2687, Acc: 0.4281
  Epoch 15/25 | Train Loss: 1.2189, Acc: 0.4647 | Val Loss: 1.3119, Acc: 0.4281
  Epoch 16/25 | Train Loss: 1.2204, Acc: 0.4651 | Val Loss: 1.3683, Acc: 0.4123
  Epoch 17/25 | Train Loss: 1.1929, Acc: 0.4805 | Val Loss: 1.2652, Acc: 0.4250
  Epoch 18/25 | Train Loss: 1.1802, Acc: 0.4978 | Val Loss: 1.2610, Acc: 0.4518
  Epoch 19/25 | Train Loss: 1.2068, Acc: 0.4749 | Val Loss: 1.4207, Acc: 0.4123
  Epoch 20/25 | Train Loss: 1.2025, Acc: 0.4903 | Val Loss: 1.3147, Acc: 0.4360
  Epoch 21/25 | Train Loss: 1.1898, Acc: 0.4915 | Val Loss: 1.2287, Acc: 0.4566
  Epoch 22/25 | Train Loss: 1.1902, Acc: 0.4856 | Val Loss: 1.3195, Acc: 0.4360
  Epoch 23/25 | Train Loss: 1.1753, Acc: 0.4990 | Val Loss: 1.2164, Acc: 0.4866
  Epoch 24/25 | Train Loss: 1.1748, Acc: 0.4962 | Val Loss: 1.2765, Acc: 0.4250
  Epoch 25/25 | Train Loss: 1.1481, Acc: 0.5057 | Val Loss: 1.2426, Acc: 0.4676
  Fold 2 best validation accuracy: 0.4866

Fold 3/5
  Epoch 01/25 | Train Loss: 1.7163, Acc: 0.2602 | Val Loss: 1.5734, Acc: 0.3144
  Epoch 02/25 | Train Loss: 1.5326, Acc: 0.3368 | Val Loss: 1.4599, Acc: 0.3760
  Epoch 03/25 | Train Loss: 1.4658, Acc: 0.3612 | Val Loss: 1.4106, Acc: 0.3665
  Epoch 04/25 | Train Loss: 1.3935, Acc: 0.3928 | Val Loss: 1.3756, Acc: 0.4107
  Epoch 05/25 | Train Loss: 1.3705, Acc: 0.4114 | Val Loss: 1.3319, Acc: 0.4218
  Epoch 06/25 | Train Loss: 1.3201, Acc: 0.4256 | Val Loss: 1.3098, Acc: 0.4423
  Epoch 07/25 | Train Loss: 1.3202, Acc: 0.4232 | Val Loss: 1.4517, Acc: 0.3665
  Epoch 08/25 | Train Loss: 1.2944, Acc: 0.4295 | Val Loss: 1.3166, Acc: 0.4376
  Epoch 09/25 | Train Loss: 1.2856, Acc: 0.4291 | Val Loss: 1.3213, Acc: 0.4281
  Epoch 10/25 | Train Loss: 1.2728, Acc: 0.4453 | Val Loss: 1.4297, Acc: 0.4044
  Epoch 11/25 | Train Loss: 1.2402, Acc: 0.4544 | Val Loss: 1.2873, Acc: 0.4692
  Epoch 12/25 | Train Loss: 1.2410, Acc: 0.4726 | Val Loss: 1.2467, Acc: 0.4866
  Epoch 13/25 | Train Loss: 1.2384, Acc: 0.4686 | Val Loss: 1.2843, Acc: 0.4550
  Epoch 14/25 | Train Loss: 1.2185, Acc: 0.4655 | Val Loss: 1.2814, Acc: 0.4534
  Epoch 15/25 | Train Loss: 1.2112, Acc: 0.4734 | Val Loss: 1.2463, Acc: 0.4597
  Epoch 16/25 | Train Loss: 1.2124, Acc: 0.4753 | Val Loss: 1.4076, Acc: 0.4092
  Epoch 17/25 | Train Loss: 1.2026, Acc: 0.4805 | Val Loss: 1.3147, Acc: 0.4186
  Epoch 18/25 | Train Loss: 1.1840, Acc: 0.4840 | Val Loss: 1.2823, Acc: 0.4250
  Epoch 19/25 | Train Loss: 1.1920, Acc: 0.4856 | Val Loss: 1.2672, Acc: 0.4329
  Epoch 20/25 | Train Loss: 1.1778, Acc: 0.4868 | Val Loss: 1.2643, Acc: 0.4566
  Epoch 21/25 | Train Loss: 1.1776, Acc: 0.4959 | Val Loss: 1.3073, Acc: 0.4281
  Epoch 22/25 | Train Loss: 1.2046, Acc: 0.4777 | Val Loss: 1.3043, Acc: 0.4692
  Epoch 23/25 | Train Loss: 1.1702, Acc: 0.4848 | Val Loss: 1.2561, Acc: 0.4518
  Epoch 24/25 | Train Loss: 1.1673, Acc: 0.4962 | Val Loss: 1.2199, Acc: 0.4423
  Epoch 25/25 | Train Loss: 1.1654, Acc: 0.4931 | Val Loss: 1.2388, Acc: 0.4502
  Fold 3 best validation accuracy: 0.4866

Fold 4/5
  Epoch 01/25 | Train Loss: 1.6980, Acc: 0.2625 | Val Loss: 1.5025, Acc: 0.3096
  Epoch 02/25 | Train Loss: 1.5235, Acc: 0.3462 | Val Loss: 1.4991, Acc: 0.3476
  Epoch 03/25 | Train Loss: 1.4638, Acc: 0.3656 | Val Loss: 1.3970, Acc: 0.4234
  Epoch 04/25 | Train Loss: 1.4312, Acc: 0.3802 | Val Loss: 1.4342, Acc: 0.3570
  Epoch 05/25 | Train Loss: 1.3902, Acc: 0.3987 | Val Loss: 1.3683, Acc: 0.3997
  Epoch 06/25 | Train Loss: 1.3726, Acc: 0.4011 | Val Loss: 1.3280, Acc: 0.4139
  Epoch 07/25 | Train Loss: 1.3462, Acc: 0.4110 | Val Loss: 1.2975, Acc: 0.4344
  Epoch 08/25 | Train Loss: 1.3186, Acc: 0.4232 | Val Loss: 1.2685, Acc: 0.4313
  Epoch 09/25 | Train Loss: 1.2999, Acc: 0.4366 | Val Loss: 1.2965, Acc: 0.4139
  Epoch 10/25 | Train Loss: 1.2806, Acc: 0.4441 | Val Loss: 1.3071, Acc: 0.4107
  Epoch 11/25 | Train Loss: 1.2693, Acc: 0.4481 | Val Loss: 1.3383, Acc: 0.3981
  Epoch 12/25 | Train Loss: 1.2640, Acc: 0.4544 | Val Loss: 1.2700, Acc: 0.4471
  Epoch 13/25 | Train Loss: 1.2544, Acc: 0.4477 | Val Loss: 1.2258, Acc: 0.4692
  Epoch 14/25 | Train Loss: 1.2292, Acc: 0.4615 | Val Loss: 1.2161, Acc: 0.4502
  Epoch 15/25 | Train Loss: 1.2451, Acc: 0.4690 | Val Loss: 1.2356, Acc: 0.4250
  Epoch 16/25 | Train Loss: 1.2378, Acc: 0.4718 | Val Loss: 1.2111, Acc: 0.4660
  Epoch 17/25 | Train Loss: 1.2292, Acc: 0.4619 | Val Loss: 1.2785, Acc: 0.4692
  Epoch 18/25 | Train Loss: 1.2043, Acc: 0.4856 | Val Loss: 1.2100, Acc: 0.4708
  Epoch 19/25 | Train Loss: 1.2132, Acc: 0.4741 | Val Loss: 1.2231, Acc: 0.4581
  Epoch 20/25 | Train Loss: 1.2025, Acc: 0.4809 | Val Loss: 1.2500, Acc: 0.4376
  Epoch 21/25 | Train Loss: 1.2372, Acc: 0.4666 | Val Loss: 1.2217, Acc: 0.4518
  Epoch 22/25 | Train Loss: 1.1947, Acc: 0.4824 | Val Loss: 1.2315, Acc: 0.4423
  Epoch 23/25 | Train Loss: 1.1874, Acc: 0.4931 | Val Loss: 1.2199, Acc: 0.4597
  Epoch 24/25 | Train Loss: 1.1901, Acc: 0.4872 | Val Loss: 1.2646, Acc: 0.4534
  Epoch 25/25 | Train Loss: 1.1940, Acc: 0.4884 | Val Loss: 1.2026, Acc: 0.4660
  Fold 4 best validation accuracy: 0.4708

Fold 5/5
  Epoch 01/25 | Train Loss: 1.7477, Acc: 0.2582 | Val Loss: 1.5573, Acc: 0.2638
  Epoch 02/25 | Train Loss: 1.5214, Acc: 0.3553 | Val Loss: 1.4276, Acc: 0.3934
  Epoch 03/25 | Train Loss: 1.4710, Acc: 0.3597 | Val Loss: 1.4338, Acc: 0.3981
  Epoch 04/25 | Train Loss: 1.4248, Acc: 0.3822 | Val Loss: 1.3294, Acc: 0.4202
  Epoch 05/25 | Train Loss: 1.3990, Acc: 0.3857 | Val Loss: 1.4261, Acc: 0.3412
  Epoch 06/25 | Train Loss: 1.3744, Acc: 0.3948 | Val Loss: 1.2906, Acc: 0.4455
  Epoch 07/25 | Train Loss: 1.3546, Acc: 0.4137 | Val Loss: 1.3648, Acc: 0.4076
  Epoch 08/25 | Train Loss: 1.3583, Acc: 0.4118 | Val Loss: 1.3218, Acc: 0.4692
  Epoch 09/25 | Train Loss: 1.3272, Acc: 0.4197 | Val Loss: 1.2325, Acc: 0.4581
  Epoch 10/25 | Train Loss: 1.2952, Acc: 0.4378 | Val Loss: 1.2916, Acc: 0.4645
  Epoch 11/25 | Train Loss: 1.2818, Acc: 0.4418 | Val Loss: 1.2192, Acc: 0.4629
  Epoch 12/25 | Train Loss: 1.2723, Acc: 0.4410 | Val Loss: 1.2180, Acc: 0.4645
  Epoch 13/25 | Train Loss: 1.2577, Acc: 0.4583 | Val Loss: 1.2271, Acc: 0.4550
  Epoch 14/25 | Train Loss: 1.2554, Acc: 0.4477 | Val Loss: 1.1945, Acc: 0.4581
  Epoch 15/25 | Train Loss: 1.2209, Acc: 0.4722 | Val Loss: 1.2429, Acc: 0.4566
  Epoch 16/25 | Train Loss: 1.2177, Acc: 0.4702 | Val Loss: 1.2491, Acc: 0.4376
  Epoch 17/25 | Train Loss: 1.2153, Acc: 0.4753 | Val Loss: 1.2403, Acc: 0.4439
  Epoch 18/25 | Train Loss: 1.2121, Acc: 0.4785 | Val Loss: 1.1968, Acc: 0.4645
  Epoch 19/25 | Train Loss: 1.1920, Acc: 0.4935 | Val Loss: 1.2054, Acc: 0.4787
  Epoch 20/25 | Train Loss: 1.1910, Acc: 0.4809 | Val Loss: 1.1602, Acc: 0.4976
  Epoch 21/25 | Train Loss: 1.1939, Acc: 0.4868 | Val Loss: 1.2155, Acc: 0.4787
  Epoch 22/25 | Train Loss: 1.1792, Acc: 0.4832 | Val Loss: 1.1505, Acc: 0.5008
  Epoch 23/25 | Train Loss: 1.1727, Acc: 0.4903 | Val Loss: 1.2184, Acc: 0.4771
  Epoch 24/25 | Train Loss: 1.1757, Acc: 0.4876 | Val Loss: 1.2865, Acc: 0.4629
  Epoch 25/25 | Train Loss: 1.1733, Acc: 0.4939 | Val Loss: 1.1716, Acc: 0.4882
  Fold 5 best validation accuracy: 0.5008

Trial 8 completed with mean validation accuracy: 0.4858

==================================================
Starting Trial 9
Parameters: batch_size=16, lr=0.000599, epochs=10, weight_decay=0.000715
==================================================

Fold 1/5
  Epoch 01/10 | Train Loss: 1.5732, Acc: 0.3227 | Val Loss: 1.4306, Acc: 0.3864
  Epoch 02/10 | Train Loss: 1.3589, Acc: 0.4285 | Val Loss: 1.3123, Acc: 0.4590
  Epoch 03/10 | Train Loss: 1.2300, Acc: 0.4949 | Val Loss: 1.3094, Acc: 0.4637
  Epoch 04/10 | Train Loss: 1.1852, Acc: 0.5197 | Val Loss: 1.2406, Acc: 0.4953
  Epoch 05/10 | Train Loss: 1.1324, Acc: 0.5502 | Val Loss: 1.2033, Acc: 0.4953
  Epoch 06/10 | Train Loss: 1.0841, Acc: 0.5683 | Val Loss: 1.2286, Acc: 0.5063
  Epoch 07/10 | Train Loss: 1.0201, Acc: 0.5964 | Val Loss: 1.2074, Acc: 0.5268
  Epoch 08/10 | Train Loss: 0.9609, Acc: 0.6284 | Val Loss: 1.2325, Acc: 0.4890
  Epoch 09/10 | Train Loss: 0.9273, Acc: 0.6347 | Val Loss: 1.1614, Acc: 0.5284
  Epoch 10/10 | Train Loss: 0.9000, Acc: 0.6552 | Val Loss: 1.1498, Acc: 0.5110
  Fold 1 best validation accuracy: 0.5284

Fold 2/5
  Epoch 01/10 | Train Loss: 1.5838, Acc: 0.3273 | Val Loss: 1.4489, Acc: 0.3760
  Epoch 02/10 | Train Loss: 1.3679, Acc: 0.4378 | Val Loss: 1.3567, Acc: 0.4439
  Epoch 03/10 | Train Loss: 1.2611, Acc: 0.4872 | Val Loss: 1.3114, Acc: 0.4566
  Epoch 04/10 | Train Loss: 1.1872, Acc: 0.5195 | Val Loss: 1.2553, Acc: 0.4739
  Epoch 05/10 | Train Loss: 1.1447, Acc: 0.5503 | Val Loss: 1.3045, Acc: 0.4502
  Epoch 06/10 | Train Loss: 1.0831, Acc: 0.5815 | Val Loss: 1.2703, Acc: 0.4597
  Epoch 07/10 | Train Loss: 1.0369, Acc: 0.5957 | Val Loss: 1.2037, Acc: 0.5182
  Epoch 08/10 | Train Loss: 1.0016, Acc: 0.6099 | Val Loss: 1.2180, Acc: 0.4961
  Epoch 09/10 | Train Loss: 0.9690, Acc: 0.6301 | Val Loss: 1.1805, Acc: 0.5197
  Epoch 10/10 | Train Loss: 0.9203, Acc: 0.6482 | Val Loss: 1.1490, Acc: 0.5498
  Fold 2 best validation accuracy: 0.5498

Fold 3/5
  Epoch 01/10 | Train Loss: 1.5937, Acc: 0.2937 | Val Loss: 1.4919, Acc: 0.3618
  Epoch 02/10 | Train Loss: 1.3762, Acc: 0.4047 | Val Loss: 1.3491, Acc: 0.4218
  Epoch 03/10 | Train Loss: 1.3005, Acc: 0.4607 | Val Loss: 1.3399, Acc: 0.4518
  Epoch 04/10 | Train Loss: 1.2147, Acc: 0.4998 | Val Loss: 1.2878, Acc: 0.4518
  Epoch 05/10 | Train Loss: 1.1690, Acc: 0.5401 | Val Loss: 1.2684, Acc: 0.4645
  Epoch 06/10 | Train Loss: 1.1006, Acc: 0.5622 | Val Loss: 1.2644, Acc: 0.4692
  Epoch 07/10 | Train Loss: 1.0605, Acc: 0.5815 | Val Loss: 1.1989, Acc: 0.5039
  Epoch 08/10 | Train Loss: 1.0102, Acc: 0.6052 | Val Loss: 1.2075, Acc: 0.4897
  Epoch 09/10 | Train Loss: 0.9707, Acc: 0.6147 | Val Loss: 1.2061, Acc: 0.5087
  Epoch 10/10 | Train Loss: 0.9152, Acc: 0.6447 | Val Loss: 1.2854, Acc: 0.4755
  Fold 3 best validation accuracy: 0.5087

Fold 4/5
  Epoch 01/10 | Train Loss: 1.6031, Acc: 0.3269 | Val Loss: 1.4127, Acc: 0.4439
  Epoch 02/10 | Train Loss: 1.3733, Acc: 0.4291 | Val Loss: 1.4145, Acc: 0.3823
  Epoch 03/10 | Train Loss: 1.2953, Acc: 0.4805 | Val Loss: 1.3246, Acc: 0.4423
  Epoch 04/10 | Train Loss: 1.2211, Acc: 0.5010 | Val Loss: 1.2366, Acc: 0.4976
  Epoch 05/10 | Train Loss: 1.1539, Acc: 0.5472 | Val Loss: 1.2562, Acc: 0.4629
  Epoch 06/10 | Train Loss: 1.1401, Acc: 0.5393 | Val Loss: 1.2096, Acc: 0.5008
  Epoch 07/10 | Train Loss: 1.0491, Acc: 0.5969 | Val Loss: 1.1814, Acc: 0.4976
  Epoch 08/10 | Train Loss: 1.0473, Acc: 0.5957 | Val Loss: 1.2649, Acc: 0.4645
  Epoch 09/10 | Train Loss: 0.9725, Acc: 0.6253 | Val Loss: 1.2879, Acc: 0.4787
  Epoch 10/10 | Train Loss: 0.9635, Acc: 0.6301 | Val Loss: 1.1356, Acc: 0.5340
  Fold 4 best validation accuracy: 0.5340

Fold 5/5
  Epoch 01/10 | Train Loss: 1.5777, Acc: 0.3056 | Val Loss: 1.4248, Acc: 0.4028
  Epoch 02/10 | Train Loss: 1.3833, Acc: 0.4339 | Val Loss: 1.3740, Acc: 0.4265
  Epoch 03/10 | Train Loss: 1.2832, Acc: 0.4836 | Val Loss: 1.2900, Acc: 0.4487
  Epoch 04/10 | Train Loss: 1.2282, Acc: 0.4966 | Val Loss: 1.2096, Acc: 0.5182
  Epoch 05/10 | Train Loss: 1.1551, Acc: 0.5444 | Val Loss: 1.2147, Acc: 0.4803
  Epoch 06/10 | Train Loss: 1.1206, Acc: 0.5551 | Val Loss: 1.1447, Acc: 0.5229
  Epoch 07/10 | Train Loss: 1.0623, Acc: 0.5851 | Val Loss: 1.2933, Acc: 0.4566
  Epoch 08/10 | Train Loss: 1.0089, Acc: 0.6151 | Val Loss: 1.1020, Acc: 0.5229
  Epoch 09/10 | Train Loss: 0.9846, Acc: 0.6194 | Val Loss: 1.1768, Acc: 0.5261
  Epoch 10/10 | Train Loss: 0.9554, Acc: 0.6328 | Val Loss: 1.1207, Acc: 0.5403
  Fold 5 best validation accuracy: 0.5403

Trial 9 completed with mean validation accuracy: 0.5322

==================================================
Best Hyperparameters:
  batch_size: 16
  learning_rate: 0.0017800441988775964
  num_epochs: 27
  weight_decay: 1.416526655073728e-05
Best Cross-validated Accuracy: 0.5749
==================================================

Training final model with best hyperparameters...
Data loaded successfully.
